{"C:\\Users\\Keino\\Downloads\\KB CLEAN\\KB-CLEAN-VER\\BACKEND\\server\\src\\database.js": {"path":"C:\\Users\\Keino\\Downloads\\KB CLEAN\\KB-CLEAN-VER\\BACKEND\\server\\src\\database.js","statementMap":{"0":{"start":{"line":1,"column":14},"end":{"line":1,"column":39}},"1":{"start":{"line":2,"column":15},"end":{"line":2,"column":34}},"2":{"start":{"line":7,"column":1},"end":{"line":18,"column":2}},"3":{"start":{"line":8,"column":2},"end":{"line":17,"column":5}},"4":{"start":{"line":19,"column":1},"end":{"line":19,"column":13}},"5":{"start":{"line":23,"column":12},"end":{"line":23,"column":27}},"6":{"start":{"line":24,"column":1},"end":{"line":24,"column":30}},"7":{"start":{"line":28,"column":12},"end":{"line":28,"column":27}},"8":{"start":{"line":29,"column":1},"end":{"line":29,"column":32}},"9":{"start":{"line":32,"column":0},"end":{"line":36,"column":2}}},"fnMap":{"0":{"name":"getPool","decl":{"start":{"line":6,"column":15},"end":{"line":6,"column":22}},"loc":{"start":{"line":6,"column":25},"end":{"line":20,"column":1}},"line":6},"1":{"name":"query","decl":{"start":{"line":22,"column":15},"end":{"line":22,"column":20}},"loc":{"start":{"line":22,"column":39},"end":{"line":25,"column":1}},"line":22},"2":{"name":"execute","decl":{"start":{"line":27,"column":15},"end":{"line":27,"column":22}},"loc":{"start":{"line":27,"column":41},"end":{"line":30,"column":1}},"line":27}},"branchMap":{"0":{"loc":{"start":{"line":7,"column":1},"end":{"line":18,"column":2}},"type":"if","locations":[{"start":{"line":7,"column":1},"end":{"line":18,"column":2}},{"start":{},"end":{}}],"line":7},"1":{"loc":{"start":{"line":22,"column":26},"end":{"line":22,"column":37}},"type":"default-arg","locations":[{"start":{"line":22,"column":35},"end":{"line":22,"column":37}}],"line":22},"2":{"loc":{"start":{"line":27,"column":28},"end":{"line":27,"column":39}},"type":"default-arg","locations":[{"start":{"line":27,"column":37},"end":{"line":27,"column":39}}],"line":27}},"s":{"0":0,"1":0,"2":0,"3":0,"4":0,"5":0,"6":0,"7":0,"8":0,"9":0},"f":{"0":0,"1":0,"2":0},"b":{"0":[0,0],"1":[0],"2":[0]}}
,"C:\\Users\\Keino\\Downloads\\KB CLEAN\\KB-CLEAN-VER\\BACKEND\\server\\src\\swagger.js": {"path":"C:\\Users\\Keino\\Downloads\\KB CLEAN\\KB-CLEAN-VER\\BACKEND\\server\\src\\swagger.js","statementMap":{},"fnMap":{},"branchMap":{},"s":{},"f":{},"b":{}}
,"C:\\Users\\Keino\\Downloads\\KB CLEAN\\KB-CLEAN-VER\\BACKEND\\server\\src\\auth\\passport.js": {"path":"C:\\Users\\Keino\\Downloads\\KB CLEAN\\KB-CLEAN-VER\\BACKEND\\server\\src\\auth\\passport.js","statementMap":{"0":{"start":{"line":2,"column":1},"end":{"line":2,"column":13}},"1":{"start":{"line":5,"column":0},"end":{"line":7,"column":2}}},"fnMap":{"0":{"name":"configurePassport","decl":{"start":{"line":1,"column":9},"end":{"line":1,"column":26}},"loc":{"start":{"line":1,"column":29},"end":{"line":3,"column":1}},"line":1}},"branchMap":{},"s":{"0":0,"1":0},"f":{"0":0},"b":{}}
,"C:\\Users\\Keino\\Downloads\\KB CLEAN\\KB-CLEAN-VER\\BACKEND\\server\\src\\controllers\\adminController.js": {"path":"C:\\Users\\Keino\\Downloads\\KB CLEAN\\KB-CLEAN-VER\\BACKEND\\server\\src\\controllers\\adminController.js","statementMap":{"0":{"start":{"line":1,"column":21},"end":{"line":1,"column":56}},"1":{"start":{"line":4,"column":1},"end":{"line":10,"column":2}},"2":{"start":{"line":5,"column":37},"end":{"line":5,"column":46}},"3":{"start":{"line":6,"column":16},"end":{"line":6,"column":77}},"4":{"start":{"line":7,"column":2},"end":{"line":7,"column":50}},"5":{"start":{"line":9,"column":2},"end":{"line":9,"column":14}},"6":{"start":{"line":14,"column":1},"end":{"line":28,"column":2}},"7":{"start":{"line":15,"column":21},"end":{"line":15,"column":31}},"8":{"start":{"line":16,"column":19},"end":{"line":16,"column":33}},"9":{"start":{"line":18,"column":2},"end":{"line":20,"column":3}},"10":{"start":{"line":19,"column":3},"end":{"line":19,"column":65}},"11":{"start":{"line":22,"column":20},"end":{"line":22,"column":58}},"12":{"start":{"line":23,"column":15},"end":{"line":23,"column":93}},"13":{"start":{"line":25,"column":2},"end":{"line":25,"column":59}},"14":{"start":{"line":27,"column":2},"end":{"line":27,"column":14}},"15":{"start":{"line":32,"column":1},"end":{"line":40,"column":2}},"16":{"start":{"line":33,"column":21},"end":{"line":33,"column":31}},"17":{"start":{"line":34,"column":20},"end":{"line":34,"column":58}},"18":{"start":{"line":35,"column":2},"end":{"line":35,"column":78}},"19":{"start":{"line":37,"column":2},"end":{"line":37,"column":56}},"20":{"start":{"line":39,"column":2},"end":{"line":39,"column":14}},"21":{"start":{"line":44,"column":1},"end":{"line":58,"column":2}},"22":{"start":{"line":45,"column":87},"end":{"line":45,"column":96}},"23":{"start":{"line":47,"column":18},"end":{"line":47,"column":20}},"24":{"start":{"line":48,"column":2},"end":{"line":48,"column":41}},"25":{"start":{"line":48,"column":15},"end":{"line":48,"column":41}},"26":{"start":{"line":49,"column":2},"end":{"line":49,"column":50}},"27":{"start":{"line":49,"column":18},"end":{"line":49,"column":50}},"28":{"start":{"line":50,"column":2},"end":{"line":50,"column":38}},"29":{"start":{"line":50,"column":14},"end":{"line":50,"column":38}},"30":{"start":{"line":51,"column":2},"end":{"line":51,"column":47}},"31":{"start":{"line":51,"column":17},"end":{"line":51,"column":47}},"32":{"start":{"line":52,"column":2},"end":{"line":52,"column":41}},"33":{"start":{"line":52,"column":15},"end":{"line":52,"column":41}},"34":{"start":{"line":54,"column":15},"end":{"line":54,"column":89}},"35":{"start":{"line":55,"column":2},"end":{"line":55,"column":48}},"36":{"start":{"line":57,"column":2},"end":{"line":57,"column":14}},"37":{"start":{"line":62,"column":1},"end":{"line":68,"column":2}},"38":{"start":{"line":63,"column":37},"end":{"line":63,"column":46}},"39":{"start":{"line":64,"column":15},"end":{"line":64,"column":105}},"40":{"start":{"line":65,"column":2},"end":{"line":65,"column":48}},"41":{"start":{"line":67,"column":2},"end":{"line":67,"column":14}},"42":{"start":{"line":72,"column":1},"end":{"line":78,"column":2}},"43":{"start":{"line":73,"column":17},"end":{"line":73,"column":27}},"44":{"start":{"line":74,"column":14},"end":{"line":74,"column":51}},"45":{"start":{"line":75,"column":2},"end":{"line":75,"column":27}},"46":{"start":{"line":77,"column":2},"end":{"line":77,"column":14}},"47":{"start":{"line":81,"column":0},"end":{"line":88,"column":2}}},"fnMap":{"0":{"name":"getAllUsers","decl":{"start":{"line":3,"column":15},"end":{"line":3,"column":26}},"loc":{"start":{"line":3,"column":43},"end":{"line":11,"column":1}},"line":3},"1":{"name":"updateUserRole","decl":{"start":{"line":13,"column":15},"end":{"line":13,"column":29}},"loc":{"start":{"line":13,"column":46},"end":{"line":29,"column":1}},"line":13},"2":{"name":"deleteUser","decl":{"start":{"line":31,"column":15},"end":{"line":31,"column":25}},"loc":{"start":{"line":31,"column":42},"end":{"line":41,"column":1}},"line":31},"3":{"name":"getActivityLogs","decl":{"start":{"line":43,"column":15},"end":{"line":43,"column":30}},"loc":{"start":{"line":43,"column":47},"end":{"line":59,"column":1}},"line":43},"4":{"name":"getMyActivityLogs","decl":{"start":{"line":61,"column":15},"end":{"line":61,"column":32}},"loc":{"start":{"line":61,"column":49},"end":{"line":69,"column":1}},"line":61},"5":{"name":"getActivityLog","decl":{"start":{"line":71,"column":15},"end":{"line":71,"column":29}},"loc":{"start":{"line":71,"column":46},"end":{"line":79,"column":1}},"line":71}},"branchMap":{"0":{"loc":{"start":{"line":5,"column":10},"end":{"line":5,"column":20}},"type":"default-arg","locations":[{"start":{"line":5,"column":18},"end":{"line":5,"column":20}}],"line":5},"1":{"loc":{"start":{"line":5,"column":22},"end":{"line":5,"column":32}},"type":"default-arg","locations":[{"start":{"line":5,"column":31},"end":{"line":5,"column":32}}],"line":5},"2":{"loc":{"start":{"line":16,"column":19},"end":{"line":16,"column":33}},"type":"binary-expr","locations":[{"start":{"line":16,"column":19},"end":{"line":16,"column":27}},{"start":{"line":16,"column":31},"end":{"line":16,"column":33}}],"line":16},"3":{"loc":{"start":{"line":18,"column":2},"end":{"line":20,"column":3}},"type":"if","locations":[{"start":{"line":18,"column":2},"end":{"line":20,"column":3}},{"start":{},"end":{}}],"line":18},"4":{"loc":{"start":{"line":22,"column":20},"end":{"line":22,"column":58}},"type":"binary-expr","locations":[{"start":{"line":22,"column":20},"end":{"line":22,"column":26}},{"start":{"line":22,"column":30},"end":{"line":22,"column":58}}],"line":22},"5":{"loc":{"start":{"line":34,"column":20},"end":{"line":34,"column":58}},"type":"binary-expr","locations":[{"start":{"line":34,"column":20},"end":{"line":34,"column":26}},{"start":{"line":34,"column":30},"end":{"line":34,"column":58}}],"line":34},"6":{"loc":{"start":{"line":45,"column":59},"end":{"line":45,"column":70}},"type":"default-arg","locations":[{"start":{"line":45,"column":67},"end":{"line":45,"column":70}}],"line":45},"7":{"loc":{"start":{"line":45,"column":72},"end":{"line":45,"column":82}},"type":"default-arg","locations":[{"start":{"line":45,"column":81},"end":{"line":45,"column":82}}],"line":45},"8":{"loc":{"start":{"line":48,"column":2},"end":{"line":48,"column":41}},"type":"if","locations":[{"start":{"line":48,"column":2},"end":{"line":48,"column":41}},{"start":{},"end":{}}],"line":48},"9":{"loc":{"start":{"line":49,"column":2},"end":{"line":49,"column":50}},"type":"if","locations":[{"start":{"line":49,"column":2},"end":{"line":49,"column":50}},{"start":{},"end":{}}],"line":49},"10":{"loc":{"start":{"line":50,"column":2},"end":{"line":50,"column":38}},"type":"if","locations":[{"start":{"line":50,"column":2},"end":{"line":50,"column":38}},{"start":{},"end":{}}],"line":50},"11":{"loc":{"start":{"line":51,"column":2},"end":{"line":51,"column":47}},"type":"if","locations":[{"start":{"line":51,"column":2},"end":{"line":51,"column":47}},{"start":{},"end":{}}],"line":51},"12":{"loc":{"start":{"line":52,"column":2},"end":{"line":52,"column":41}},"type":"if","locations":[{"start":{"line":52,"column":2},"end":{"line":52,"column":41}},{"start":{},"end":{}}],"line":52},"13":{"loc":{"start":{"line":63,"column":10},"end":{"line":63,"column":20}},"type":"default-arg","locations":[{"start":{"line":63,"column":18},"end":{"line":63,"column":20}}],"line":63},"14":{"loc":{"start":{"line":63,"column":22},"end":{"line":63,"column":32}},"type":"default-arg","locations":[{"start":{"line":63,"column":31},"end":{"line":63,"column":32}}],"line":63}},"s":{"0":0,"1":0,"2":0,"3":0,"4":0,"5":0,"6":0,"7":0,"8":0,"9":0,"10":0,"11":0,"12":0,"13":0,"14":0,"15":0,"16":0,"17":0,"18":0,"19":0,"20":0,"21":0,"22":0,"23":0,"24":0,"25":0,"26":0,"27":0,"28":0,"29":0,"30":0,"31":0,"32":0,"33":0,"34":0,"35":0,"36":0,"37":0,"38":0,"39":0,"40":0,"41":0,"42":0,"43":0,"44":0,"45":0,"46":0,"47":0},"f":{"0":0,"1":0,"2":0,"3":0,"4":0,"5":0},"b":{"0":[0],"1":[0],"2":[0,0],"3":[0,0],"4":[0,0],"5":[0,0],"6":[0],"7":[0],"8":[0,0],"9":[0,0],"10":[0,0],"11":[0,0],"12":[0,0],"13":[0],"14":[0]}}
,"C:\\Users\\Keino\\Downloads\\KB CLEAN\\KB-CLEAN-VER\\BACKEND\\server\\src\\controllers\\authController.js": {"path":"C:\\Users\\Keino\\Downloads\\KB CLEAN\\KB-CLEAN-VER\\BACKEND\\server\\src\\controllers\\authController.js","statementMap":{"0":{"start":{"line":1,"column":15},"end":{"line":1,"column":34}},"1":{"start":{"line":2,"column":46},"end":{"line":2,"column":76}},"2":{"start":{"line":3,"column":44},"end":{"line":3,"column":74}},"3":{"start":{"line":4,"column":18},"end":{"line":4,"column":47}},"4":{"start":{"line":7,"column":1},"end":{"line":15,"column":3}},"5":{"start":{"line":19,"column":1},"end":{"line":51,"column":2}},"6":{"start":{"line":20,"column":51},"end":{"line":20,"column":65}},"7":{"start":{"line":22,"column":2},"end":{"line":24,"column":3}},"8":{"start":{"line":23,"column":3},"end":{"line":23,"column":72}},"9":{"start":{"line":26,"column":2},"end":{"line":28,"column":3}},"10":{"start":{"line":27,"column":3},"end":{"line":27,"column":69}},"11":{"start":{"line":30,"column":2},"end":{"line":32,"column":3}},"12":{"start":{"line":31,"column":3},"end":{"line":31,"column":87}},"13":{"start":{"line":34,"column":19},"end":{"line":34,"column":58}},"14":{"start":{"line":35,"column":2},"end":{"line":37,"column":3}},"15":{"start":{"line":36,"column":3},"end":{"line":36,"column":73}},"16":{"start":{"line":39,"column":23},"end":{"line":39,"column":62}},"17":{"start":{"line":40,"column":15},"end":{"line":45,"column":4}},"18":{"start":{"line":47,"column":2},"end":{"line":47,"column":31}},"19":{"start":{"line":48,"column":2},"end":{"line":48,"column":89}},"20":{"start":{"line":50,"column":2},"end":{"line":50,"column":14}},"21":{"start":{"line":55,"column":1},"end":{"line":76,"column":2}},"22":{"start":{"line":56,"column":30},"end":{"line":56,"column":44}},"23":{"start":{"line":58,"column":2},"end":{"line":60,"column":3}},"24":{"start":{"line":59,"column":3},"end":{"line":59,"column":80}},"25":{"start":{"line":62,"column":15},"end":{"line":62,"column":54}},"26":{"start":{"line":63,"column":2},"end":{"line":65,"column":3}},"27":{"start":{"line":64,"column":3},"end":{"line":64,"column":90}},"28":{"start":{"line":67,"column":16},"end":{"line":67,"column":73}},"29":{"start":{"line":68,"column":2},"end":{"line":70,"column":3}},"30":{"start":{"line":69,"column":3},"end":{"line":69,"column":90}},"31":{"start":{"line":72,"column":2},"end":{"line":72,"column":31}},"32":{"start":{"line":73,"column":2},"end":{"line":73,"column":71}},"33":{"start":{"line":75,"column":2},"end":{"line":75,"column":14}},"34":{"start":{"line":80,"column":1},"end":{"line":94,"column":2}},"35":{"start":{"line":81,"column":2},"end":{"line":83,"column":3}},"36":{"start":{"line":82,"column":3},"end":{"line":82,"column":88}},"37":{"start":{"line":85,"column":15},"end":{"line":85,"column":49}},"38":{"start":{"line":86,"column":2},"end":{"line":89,"column":3}},"39":{"start":{"line":87,"column":3},"end":{"line":87,"column":33}},"40":{"start":{"line":88,"column":3},"end":{"line":88,"column":88}},"41":{"start":{"line":91,"column":2},"end":{"line":91,"column":48}},"42":{"start":{"line":93,"column":2},"end":{"line":93,"column":14}},"43":{"start":{"line":98,"column":1},"end":{"line":101,"column":4}},"44":{"start":{"line":99,"column":2},"end":{"line":99,"column":28}},"45":{"start":{"line":100,"column":2},"end":{"line":100,"column":39}},"46":{"start":{"line":104,"column":0},"end":{"line":109,"column":2}}},"fnMap":{"0":{"name":"toPublicUser","decl":{"start":{"line":6,"column":9},"end":{"line":6,"column":21}},"loc":{"start":{"line":6,"column":28},"end":{"line":16,"column":1}},"line":6},"1":{"name":"signup","decl":{"start":{"line":18,"column":15},"end":{"line":18,"column":21}},"loc":{"start":{"line":18,"column":38},"end":{"line":52,"column":1}},"line":18},"2":{"name":"signin","decl":{"start":{"line":54,"column":15},"end":{"line":54,"column":21}},"loc":{"start":{"line":54,"column":38},"end":{"line":77,"column":1}},"line":54},"3":{"name":"getMe","decl":{"start":{"line":79,"column":15},"end":{"line":79,"column":20}},"loc":{"start":{"line":79,"column":37},"end":{"line":95,"column":1}},"line":79},"4":{"name":"(anonymous_4)","decl":{"start":{"line":87,"column":23},"end":{"line":87,"column":24}},"loc":{"start":{"line":87,"column":29},"end":{"line":87,"column":31}},"line":87},"5":{"name":"logout","decl":{"start":{"line":97,"column":9},"end":{"line":97,"column":15}},"loc":{"start":{"line":97,"column":26},"end":{"line":102,"column":1}},"line":97},"6":{"name":"(anonymous_6)","decl":{"start":{"line":98,"column":21},"end":{"line":98,"column":22}},"loc":{"start":{"line":98,"column":27},"end":{"line":101,"column":2}},"line":98}},"branchMap":{"0":{"loc":{"start":{"line":20,"column":51},"end":{"line":20,"column":65}},"type":"binary-expr","locations":[{"start":{"line":20,"column":51},"end":{"line":20,"column":59}},{"start":{"line":20,"column":63},"end":{"line":20,"column":65}}],"line":20},"1":{"loc":{"start":{"line":22,"column":2},"end":{"line":24,"column":3}},"type":"if","locations":[{"start":{"line":22,"column":2},"end":{"line":24,"column":3}},{"start":{},"end":{}}],"line":22},"2":{"loc":{"start":{"line":22,"column":6},"end":{"line":22,"column":52}},"type":"binary-expr","locations":[{"start":{"line":22,"column":6},"end":{"line":22,"column":16}},{"start":{"line":22,"column":20},"end":{"line":22,"column":29}},{"start":{"line":22,"column":33},"end":{"line":22,"column":39}},{"start":{"line":22,"column":43},"end":{"line":22,"column":52}}],"line":22},"3":{"loc":{"start":{"line":26,"column":2},"end":{"line":28,"column":3}},"type":"if","locations":[{"start":{"line":26,"column":2},"end":{"line":28,"column":3}},{"start":{},"end":{}}],"line":26},"4":{"loc":{"start":{"line":30,"column":2},"end":{"line":32,"column":3}},"type":"if","locations":[{"start":{"line":30,"column":2},"end":{"line":32,"column":3}},{"start":{},"end":{}}],"line":30},"5":{"loc":{"start":{"line":35,"column":2},"end":{"line":37,"column":3}},"type":"if","locations":[{"start":{"line":35,"column":2},"end":{"line":37,"column":3}},{"start":{},"end":{}}],"line":35},"6":{"loc":{"start":{"line":56,"column":30},"end":{"line":56,"column":44}},"type":"binary-expr","locations":[{"start":{"line":56,"column":30},"end":{"line":56,"column":38}},{"start":{"line":56,"column":42},"end":{"line":56,"column":44}}],"line":56},"7":{"loc":{"start":{"line":58,"column":2},"end":{"line":60,"column":3}},"type":"if","locations":[{"start":{"line":58,"column":2},"end":{"line":60,"column":3}},{"start":{},"end":{}}],"line":58},"8":{"loc":{"start":{"line":58,"column":6},"end":{"line":58,"column":25}},"type":"binary-expr","locations":[{"start":{"line":58,"column":6},"end":{"line":58,"column":12}},{"start":{"line":58,"column":16},"end":{"line":58,"column":25}}],"line":58},"9":{"loc":{"start":{"line":63,"column":2},"end":{"line":65,"column":3}},"type":"if","locations":[{"start":{"line":63,"column":2},"end":{"line":65,"column":3}},{"start":{},"end":{}}],"line":63},"10":{"loc":{"start":{"line":63,"column":6},"end":{"line":63,"column":33}},"type":"binary-expr","locations":[{"start":{"line":63,"column":6},"end":{"line":63,"column":11}},{"start":{"line":63,"column":15},"end":{"line":63,"column":33}}],"line":63},"11":{"loc":{"start":{"line":68,"column":2},"end":{"line":70,"column":3}},"type":"if","locations":[{"start":{"line":68,"column":2},"end":{"line":70,"column":3}},{"start":{},"end":{}}],"line":68},"12":{"loc":{"start":{"line":81,"column":2},"end":{"line":83,"column":3}},"type":"if","locations":[{"start":{"line":81,"column":2},"end":{"line":83,"column":3}},{"start":{},"end":{}}],"line":81},"13":{"loc":{"start":{"line":86,"column":2},"end":{"line":89,"column":3}},"type":"if","locations":[{"start":{"line":86,"column":2},"end":{"line":89,"column":3}},{"start":{},"end":{}}],"line":86}},"s":{"0":0,"1":0,"2":0,"3":0,"4":0,"5":0,"6":0,"7":0,"8":0,"9":0,"10":0,"11":0,"12":0,"13":0,"14":0,"15":0,"16":0,"17":0,"18":0,"19":0,"20":0,"21":0,"22":0,"23":0,"24":0,"25":0,"26":0,"27":0,"28":0,"29":0,"30":0,"31":0,"32":0,"33":0,"34":0,"35":0,"36":0,"37":0,"38":0,"39":0,"40":0,"41":0,"42":0,"43":0,"44":0,"45":0,"46":0},"f":{"0":0,"1":0,"2":0,"3":0,"4":0,"5":0,"6":0},"b":{"0":[0,0],"1":[0,0],"2":[0,0,0,0],"3":[0,0],"4":[0,0],"5":[0,0],"6":[0,0],"7":[0,0],"8":[0,0],"9":[0,0],"10":[0,0],"11":[0,0],"12":[0,0],"13":[0,0]}}
,"C:\\Users\\Keino\\Downloads\\KB CLEAN\\KB-CLEAN-VER\\BACKEND\\server\\src\\controllers\\campaignController.js": {"path":"C:\\Users\\Keino\\Downloads\\KB CLEAN\\KB-CLEAN-VER\\BACKEND\\server\\src\\controllers\\campaignController.js","statementMap":{"0":{"start":{"line":1,"column":24},"end":{"line":1,"column":62}},"1":{"start":{"line":4,"column":1},"end":{"line":23,"column":2}},"2":{"start":{"line":5,"column":74},"end":{"line":5,"column":88}},"3":{"start":{"line":7,"column":2},"end":{"line":9,"column":3}},"4":{"start":{"line":8,"column":3},"end":{"line":8,"column":72}},"5":{"start":{"line":11,"column":2},"end":{"line":13,"column":3}},"6":{"start":{"line":12,"column":3},"end":{"line":12,"column":85}},"7":{"start":{"line":15,"column":19},"end":{"line":18,"column":3}},"8":{"start":{"line":20,"column":2},"end":{"line":20,"column":74}},"9":{"start":{"line":22,"column":2},"end":{"line":22,"column":14}},"10":{"start":{"line":27,"column":1},"end":{"line":39,"column":2}},"11":{"start":{"line":28,"column":63},"end":{"line":28,"column":72}},"12":{"start":{"line":30,"column":18},"end":{"line":30,"column":20}},"13":{"start":{"line":31,"column":2},"end":{"line":31,"column":38}},"14":{"start":{"line":31,"column":14},"end":{"line":31,"column":38}},"15":{"start":{"line":32,"column":2},"end":{"line":32,"column":44}},"16":{"start":{"line":32,"column":16},"end":{"line":32,"column":44}},"17":{"start":{"line":33,"column":2},"end":{"line":33,"column":38}},"18":{"start":{"line":33,"column":14},"end":{"line":33,"column":38}},"19":{"start":{"line":35,"column":20},"end":{"line":35,"column":95}},"20":{"start":{"line":36,"column":2},"end":{"line":36,"column":58}},"21":{"start":{"line":38,"column":2},"end":{"line":38,"column":14}},"22":{"start":{"line":43,"column":1},"end":{"line":49,"column":2}},"23":{"start":{"line":44,"column":17},"end":{"line":44,"column":27}},"24":{"start":{"line":45,"column":19},"end":{"line":45,"column":62}},"25":{"start":{"line":46,"column":2},"end":{"line":46,"column":32}},"26":{"start":{"line":48,"column":2},"end":{"line":48,"column":14}},"27":{"start":{"line":53,"column":1},"end":{"line":67,"column":2}},"28":{"start":{"line":54,"column":17},"end":{"line":54,"column":27}},"29":{"start":{"line":56,"column":3},"end":{"line":56,"column":17}},"30":{"start":{"line":58,"column":19},"end":{"line":62,"column":3}},"31":{"start":{"line":64,"column":2},"end":{"line":64,"column":62}},"32":{"start":{"line":66,"column":2},"end":{"line":66,"column":14}},"33":{"start":{"line":71,"column":1},"end":{"line":77,"column":2}},"34":{"start":{"line":72,"column":17},"end":{"line":72,"column":27}},"35":{"start":{"line":73,"column":19},"end":{"line":73,"column":82}},"36":{"start":{"line":74,"column":2},"end":{"line":74,"column":77}},"37":{"start":{"line":76,"column":2},"end":{"line":76,"column":14}},"38":{"start":{"line":81,"column":1},"end":{"line":87,"column":2}},"39":{"start":{"line":82,"column":17},"end":{"line":82,"column":27}},"40":{"start":{"line":83,"column":19},"end":{"line":83,"column":60}},"41":{"start":{"line":84,"column":2},"end":{"line":84,"column":63}},"42":{"start":{"line":86,"column":2},"end":{"line":86,"column":14}},"43":{"start":{"line":91,"column":1},"end":{"line":98,"column":2}},"44":{"start":{"line":92,"column":17},"end":{"line":92,"column":27}},"45":{"start":{"line":93,"column":21},"end":{"line":93,"column":35}},"46":{"start":{"line":94,"column":19},"end":{"line":94,"column":67}},"47":{"start":{"line":95,"column":2},"end":{"line":95,"column":63}},"48":{"start":{"line":97,"column":2},"end":{"line":97,"column":14}},"49":{"start":{"line":102,"column":1},"end":{"line":108,"column":2}},"50":{"start":{"line":103,"column":17},"end":{"line":103,"column":27}},"51":{"start":{"line":104,"column":2},"end":{"line":104,"column":63}},"52":{"start":{"line":105,"column":2},"end":{"line":105,"column":52}},"53":{"start":{"line":107,"column":2},"end":{"line":107,"column":14}},"54":{"start":{"line":111,"column":0},"end":{"line":120,"column":2}}},"fnMap":{"0":{"name":"createCampaign","decl":{"start":{"line":3,"column":15},"end":{"line":3,"column":29}},"loc":{"start":{"line":3,"column":46},"end":{"line":24,"column":1}},"line":3},"1":{"name":"listCampaigns","decl":{"start":{"line":26,"column":15},"end":{"line":26,"column":28}},"loc":{"start":{"line":26,"column":45},"end":{"line":40,"column":1}},"line":26},"2":{"name":"getCampaign","decl":{"start":{"line":42,"column":15},"end":{"line":42,"column":26}},"loc":{"start":{"line":42,"column":43},"end":{"line":50,"column":1}},"line":42},"3":{"name":"updateCampaign","decl":{"start":{"line":52,"column":15},"end":{"line":52,"column":29}},"loc":{"start":{"line":52,"column":46},"end":{"line":68,"column":1}},"line":52},"4":{"name":"submitForApproval","decl":{"start":{"line":70,"column":15},"end":{"line":70,"column":32}},"loc":{"start":{"line":70,"column":49},"end":{"line":78,"column":1}},"line":70},"5":{"name":"approveCampaign","decl":{"start":{"line":80,"column":15},"end":{"line":80,"column":30}},"loc":{"start":{"line":80,"column":47},"end":{"line":88,"column":1}},"line":80},"6":{"name":"rejectCampaign","decl":{"start":{"line":90,"column":15},"end":{"line":90,"column":29}},"loc":{"start":{"line":90,"column":46},"end":{"line":99,"column":1}},"line":90},"7":{"name":"deleteCampaign","decl":{"start":{"line":101,"column":15},"end":{"line":101,"column":29}},"loc":{"start":{"line":101,"column":46},"end":{"line":109,"column":1}},"line":101}},"branchMap":{"0":{"loc":{"start":{"line":5,"column":74},"end":{"line":5,"column":88}},"type":"binary-expr","locations":[{"start":{"line":5,"column":74},"end":{"line":5,"column":82}},{"start":{"line":5,"column":86},"end":{"line":5,"column":88}}],"line":5},"1":{"loc":{"start":{"line":7,"column":2},"end":{"line":9,"column":3}},"type":"if","locations":[{"start":{"line":7,"column":2},"end":{"line":9,"column":3}},{"start":{},"end":{}}],"line":7},"2":{"loc":{"start":{"line":7,"column":6},"end":{"line":7,"column":58}},"type":"binary-expr","locations":[{"start":{"line":7,"column":6},"end":{"line":7,"column":12}},{"start":{"line":7,"column":16},"end":{"line":7,"column":28}},{"start":{"line":7,"column":32},"end":{"line":7,"column":41}},{"start":{"line":7,"column":45},"end":{"line":7,"column":58}}],"line":7},"3":{"loc":{"start":{"line":11,"column":2},"end":{"line":13,"column":3}},"type":"if","locations":[{"start":{"line":11,"column":2},"end":{"line":13,"column":3}},{"start":{},"end":{}}],"line":11},"4":{"loc":{"start":{"line":28,"column":36},"end":{"line":28,"column":46}},"type":"default-arg","locations":[{"start":{"line":28,"column":44},"end":{"line":28,"column":46}}],"line":28},"5":{"loc":{"start":{"line":28,"column":48},"end":{"line":28,"column":58}},"type":"default-arg","locations":[{"start":{"line":28,"column":57},"end":{"line":28,"column":58}}],"line":28},"6":{"loc":{"start":{"line":31,"column":2},"end":{"line":31,"column":38}},"type":"if","locations":[{"start":{"line":31,"column":2},"end":{"line":31,"column":38}},{"start":{},"end":{}}],"line":31},"7":{"loc":{"start":{"line":32,"column":2},"end":{"line":32,"column":44}},"type":"if","locations":[{"start":{"line":32,"column":2},"end":{"line":32,"column":44}},{"start":{},"end":{}}],"line":32},"8":{"loc":{"start":{"line":33,"column":2},"end":{"line":33,"column":38}},"type":"if","locations":[{"start":{"line":33,"column":2},"end":{"line":33,"column":38}},{"start":{},"end":{}}],"line":33},"9":{"loc":{"start":{"line":56,"column":3},"end":{"line":56,"column":17}},"type":"binary-expr","locations":[{"start":{"line":56,"column":3},"end":{"line":56,"column":11}},{"start":{"line":56,"column":15},"end":{"line":56,"column":17}}],"line":56},"10":{"loc":{"start":{"line":93,"column":21},"end":{"line":93,"column":35}},"type":"binary-expr","locations":[{"start":{"line":93,"column":21},"end":{"line":93,"column":29}},{"start":{"line":93,"column":33},"end":{"line":93,"column":35}}],"line":93}},"s":{"0":0,"1":0,"2":0,"3":0,"4":0,"5":0,"6":0,"7":0,"8":0,"9":0,"10":0,"11":0,"12":0,"13":0,"14":0,"15":0,"16":0,"17":0,"18":0,"19":0,"20":0,"21":0,"22":0,"23":0,"24":0,"25":0,"26":0,"27":0,"28":0,"29":0,"30":0,"31":0,"32":0,"33":0,"34":0,"35":0,"36":0,"37":0,"38":0,"39":0,"40":0,"41":0,"42":0,"43":0,"44":0,"45":0,"46":0,"47":0,"48":0,"49":0,"50":0,"51":0,"52":0,"53":0,"54":0},"f":{"0":0,"1":0,"2":0,"3":0,"4":0,"5":0,"6":0,"7":0},"b":{"0":[0,0],"1":[0,0],"2":[0,0,0,0],"3":[0,0],"4":[0],"5":[0],"6":[0,0],"7":[0,0],"8":[0,0],"9":[0,0],"10":[0,0]}}
,"C:\\Users\\Keino\\Downloads\\KB CLEAN\\KB-CLEAN-VER\\BACKEND\\server\\src\\controllers\\donationController.js": {"path":"C:\\Users\\Keino\\Downloads\\KB CLEAN\\KB-CLEAN-VER\\BACKEND\\server\\src\\controllers\\donationController.js","statementMap":{"0":{"start":{"line":1,"column":24},"end":{"line":1,"column":62}},"1":{"start":{"line":4,"column":1},"end":{"line":15,"column":2}},"2":{"start":{"line":5,"column":57},"end":{"line":5,"column":71}},"3":{"start":{"line":7,"column":19},"end":{"line":10,"column":3}},"4":{"start":{"line":12,"column":2},"end":{"line":12,"column":74}},"5":{"start":{"line":14,"column":2},"end":{"line":14,"column":14}},"6":{"start":{"line":19,"column":1},"end":{"line":25,"column":2}},"7":{"start":{"line":20,"column":17},"end":{"line":20,"column":27}},"8":{"start":{"line":21,"column":19},"end":{"line":21,"column":82}},"9":{"start":{"line":22,"column":2},"end":{"line":22,"column":32}},"10":{"start":{"line":24,"column":2},"end":{"line":24,"column":14}},"11":{"start":{"line":29,"column":1},"end":{"line":42,"column":2}},"12":{"start":{"line":30,"column":25},"end":{"line":30,"column":35}},"13":{"start":{"line":31,"column":38},"end":{"line":31,"column":47}},"14":{"start":{"line":33,"column":20},"end":{"line":37,"column":3}},"15":{"start":{"line":39,"column":2},"end":{"line":39,"column":58}},"16":{"start":{"line":41,"column":2},"end":{"line":41,"column":14}},"17":{"start":{"line":46,"column":1},"end":{"line":58,"column":2}},"18":{"start":{"line":47,"column":37},"end":{"line":47,"column":46}},"19":{"start":{"line":49,"column":20},"end":{"line":53,"column":3}},"20":{"start":{"line":55,"column":2},"end":{"line":55,"column":58}},"21":{"start":{"line":57,"column":2},"end":{"line":57,"column":14}},"22":{"start":{"line":62,"column":1},"end":{"line":68,"column":2}},"23":{"start":{"line":63,"column":25},"end":{"line":63,"column":35}},"24":{"start":{"line":64,"column":16},"end":{"line":64,"column":74}},"25":{"start":{"line":65,"column":2},"end":{"line":65,"column":29}},"26":{"start":{"line":67,"column":2},"end":{"line":67,"column":14}},"27":{"start":{"line":71,"column":0},"end":{"line":77,"column":2}}},"fnMap":{"0":{"name":"createDonation","decl":{"start":{"line":3,"column":15},"end":{"line":3,"column":29}},"loc":{"start":{"line":3,"column":46},"end":{"line":16,"column":1}},"line":3},"1":{"name":"getDonation","decl":{"start":{"line":18,"column":15},"end":{"line":18,"column":26}},"loc":{"start":{"line":18,"column":43},"end":{"line":26,"column":1}},"line":18},"2":{"name":"getCampaignDonations","decl":{"start":{"line":28,"column":15},"end":{"line":28,"column":35}},"loc":{"start":{"line":28,"column":52},"end":{"line":43,"column":1}},"line":28},"3":{"name":"getMyDonations","decl":{"start":{"line":45,"column":15},"end":{"line":45,"column":29}},"loc":{"start":{"line":45,"column":46},"end":{"line":59,"column":1}},"line":45},"4":{"name":"getCampaignStats","decl":{"start":{"line":61,"column":15},"end":{"line":61,"column":31}},"loc":{"start":{"line":61,"column":48},"end":{"line":69,"column":1}},"line":61}},"branchMap":{"0":{"loc":{"start":{"line":5,"column":57},"end":{"line":5,"column":71}},"type":"binary-expr","locations":[{"start":{"line":5,"column":57},"end":{"line":5,"column":65}},{"start":{"line":5,"column":69},"end":{"line":5,"column":71}}],"line":5},"1":{"loc":{"start":{"line":31,"column":10},"end":{"line":31,"column":21}},"type":"default-arg","locations":[{"start":{"line":31,"column":18},"end":{"line":31,"column":21}}],"line":31},"2":{"loc":{"start":{"line":31,"column":23},"end":{"line":31,"column":33}},"type":"default-arg","locations":[{"start":{"line":31,"column":32},"end":{"line":31,"column":33}}],"line":31},"3":{"loc":{"start":{"line":47,"column":10},"end":{"line":47,"column":20}},"type":"default-arg","locations":[{"start":{"line":47,"column":18},"end":{"line":47,"column":20}}],"line":47},"4":{"loc":{"start":{"line":47,"column":22},"end":{"line":47,"column":32}},"type":"default-arg","locations":[{"start":{"line":47,"column":31},"end":{"line":47,"column":32}}],"line":47}},"s":{"0":0,"1":0,"2":0,"3":0,"4":0,"5":0,"6":0,"7":0,"8":0,"9":0,"10":0,"11":0,"12":0,"13":0,"14":0,"15":0,"16":0,"17":0,"18":0,"19":0,"20":0,"21":0,"22":0,"23":0,"24":0,"25":0,"26":0,"27":0},"f":{"0":0,"1":0,"2":0,"3":0,"4":0},"b":{"0":[0,0],"1":[0],"2":[0],"3":[0],"4":[0]}}
,"C:\\Users\\Keino\\Downloads\\KB CLEAN\\KB-CLEAN-VER\\BACKEND\\server\\src\\controllers\\ngoController.js": {"path":"C:\\Users\\Keino\\Downloads\\KB CLEAN\\KB-CLEAN-VER\\BACKEND\\server\\src\\controllers\\ngoController.js","statementMap":{"0":{"start":{"line":1,"column":19},"end":{"line":1,"column":52}},"1":{"start":{"line":4,"column":1},"end":{"line":20,"column":2}},"2":{"start":{"line":6,"column":3},"end":{"line":6,"column":17}},"3":{"start":{"line":8,"column":2},"end":{"line":10,"column":3}},"4":{"start":{"line":9,"column":3},"end":{"line":9,"column":90}},"5":{"start":{"line":12,"column":18},"end":{"line":15,"column":3}},"6":{"start":{"line":17,"column":2},"end":{"line":17,"column":76}},"7":{"start":{"line":19,"column":2},"end":{"line":19,"column":14}},"8":{"start":{"line":24,"column":1},"end":{"line":30,"column":2}},"9":{"start":{"line":25,"column":17},"end":{"line":25,"column":27}},"10":{"start":{"line":26,"column":18},"end":{"line":26,"column":52}},"11":{"start":{"line":27,"column":2},"end":{"line":27,"column":31}},"12":{"start":{"line":29,"column":2},"end":{"line":29,"column":14}},"13":{"start":{"line":34,"column":1},"end":{"line":39,"column":2}},"14":{"start":{"line":35,"column":18},"end":{"line":35,"column":72}},"15":{"start":{"line":36,"column":2},"end":{"line":36,"column":31}},"16":{"start":{"line":38,"column":2},"end":{"line":38,"column":14}},"17":{"start":{"line":43,"column":1},"end":{"line":56,"column":2}},"18":{"start":{"line":44,"column":17},"end":{"line":44,"column":27}},"19":{"start":{"line":45,"column":75},"end":{"line":45,"column":89}},"20":{"start":{"line":47,"column":18},"end":{"line":51,"column":3}},"21":{"start":{"line":53,"column":2},"end":{"line":53,"column":64}},"22":{"start":{"line":55,"column":2},"end":{"line":55,"column":14}},"23":{"start":{"line":60,"column":1},"end":{"line":66,"column":2}},"24":{"start":{"line":61,"column":37},"end":{"line":61,"column":46}},"25":{"start":{"line":62,"column":19},"end":{"line":62,"column":78}},"26":{"start":{"line":63,"column":2},"end":{"line":63,"column":56}},"27":{"start":{"line":65,"column":2},"end":{"line":65,"column":14}},"28":{"start":{"line":70,"column":1},"end":{"line":76,"column":2}},"29":{"start":{"line":71,"column":37},"end":{"line":71,"column":46}},"30":{"start":{"line":72,"column":19},"end":{"line":72,"column":90}},"31":{"start":{"line":73,"column":2},"end":{"line":73,"column":56}},"32":{"start":{"line":75,"column":2},"end":{"line":75,"column":14}},"33":{"start":{"line":80,"column":1},"end":{"line":86,"column":2}},"34":{"start":{"line":81,"column":37},"end":{"line":81,"column":46}},"35":{"start":{"line":82,"column":19},"end":{"line":82,"column":82}},"36":{"start":{"line":83,"column":2},"end":{"line":83,"column":56}},"37":{"start":{"line":85,"column":2},"end":{"line":85,"column":14}},"38":{"start":{"line":90,"column":1},"end":{"line":96,"column":2}},"39":{"start":{"line":91,"column":17},"end":{"line":91,"column":27}},"40":{"start":{"line":92,"column":18},"end":{"line":92,"column":55}},"41":{"start":{"line":93,"column":2},"end":{"line":93,"column":65}},"42":{"start":{"line":95,"column":2},"end":{"line":95,"column":14}},"43":{"start":{"line":100,"column":1},"end":{"line":106,"column":2}},"44":{"start":{"line":101,"column":17},"end":{"line":101,"column":27}},"45":{"start":{"line":102,"column":18},"end":{"line":102,"column":55}},"46":{"start":{"line":103,"column":2},"end":{"line":103,"column":65}},"47":{"start":{"line":105,"column":2},"end":{"line":105,"column":14}},"48":{"start":{"line":110,"column":1},"end":{"line":116,"column":2}},"49":{"start":{"line":111,"column":17},"end":{"line":111,"column":27}},"50":{"start":{"line":112,"column":2},"end":{"line":112,"column":60}},"51":{"start":{"line":113,"column":2},"end":{"line":113,"column":55}},"52":{"start":{"line":115,"column":2},"end":{"line":115,"column":14}},"53":{"start":{"line":119,"column":0},"end":{"line":130,"column":2}}},"fnMap":{"0":{"name":"createNgoProfile","decl":{"start":{"line":3,"column":15},"end":{"line":3,"column":31}},"loc":{"start":{"line":3,"column":48},"end":{"line":21,"column":1}},"line":3},"1":{"name":"getNgoProfile","decl":{"start":{"line":23,"column":15},"end":{"line":23,"column":28}},"loc":{"start":{"line":23,"column":45},"end":{"line":31,"column":1}},"line":23},"2":{"name":"getMyNgoProfile","decl":{"start":{"line":33,"column":15},"end":{"line":33,"column":30}},"loc":{"start":{"line":33,"column":47},"end":{"line":40,"column":1}},"line":33},"3":{"name":"updateNgoProfile","decl":{"start":{"line":42,"column":15},"end":{"line":42,"column":31}},"loc":{"start":{"line":42,"column":48},"end":{"line":57,"column":1}},"line":42},"4":{"name":"listNgos","decl":{"start":{"line":59,"column":15},"end":{"line":59,"column":23}},"loc":{"start":{"line":59,"column":40},"end":{"line":67,"column":1}},"line":59},"5":{"name":"getPendingVerifications","decl":{"start":{"line":69,"column":15},"end":{"line":69,"column":38}},"loc":{"start":{"line":69,"column":55},"end":{"line":77,"column":1}},"line":69},"6":{"name":"getVerifiedNgos","decl":{"start":{"line":79,"column":15},"end":{"line":79,"column":30}},"loc":{"start":{"line":79,"column":47},"end":{"line":87,"column":1}},"line":79},"7":{"name":"verifyNgoProfile","decl":{"start":{"line":89,"column":15},"end":{"line":89,"column":31}},"loc":{"start":{"line":89,"column":48},"end":{"line":97,"column":1}},"line":89},"8":{"name":"rejectNgoProfile","decl":{"start":{"line":99,"column":15},"end":{"line":99,"column":31}},"loc":{"start":{"line":99,"column":48},"end":{"line":107,"column":1}},"line":99},"9":{"name":"deleteNgoProfile","decl":{"start":{"line":109,"column":15},"end":{"line":109,"column":31}},"loc":{"start":{"line":109,"column":48},"end":{"line":117,"column":1}},"line":109}},"branchMap":{"0":{"loc":{"start":{"line":6,"column":3},"end":{"line":6,"column":17}},"type":"binary-expr","locations":[{"start":{"line":6,"column":3},"end":{"line":6,"column":11}},{"start":{"line":6,"column":15},"end":{"line":6,"column":17}}],"line":6},"1":{"loc":{"start":{"line":8,"column":2},"end":{"line":10,"column":3}},"type":"if","locations":[{"start":{"line":8,"column":2},"end":{"line":10,"column":3}},{"start":{},"end":{}}],"line":8},"2":{"loc":{"start":{"line":8,"column":6},"end":{"line":8,"column":34}},"type":"binary-expr","locations":[{"start":{"line":8,"column":6},"end":{"line":8,"column":11}},{"start":{"line":8,"column":15},"end":{"line":8,"column":34}}],"line":8},"3":{"loc":{"start":{"line":45,"column":75},"end":{"line":45,"column":89}},"type":"binary-expr","locations":[{"start":{"line":45,"column":75},"end":{"line":45,"column":83}},{"start":{"line":45,"column":87},"end":{"line":45,"column":89}}],"line":45},"4":{"loc":{"start":{"line":61,"column":10},"end":{"line":61,"column":20}},"type":"default-arg","locations":[{"start":{"line":61,"column":18},"end":{"line":61,"column":20}}],"line":61},"5":{"loc":{"start":{"line":61,"column":22},"end":{"line":61,"column":32}},"type":"default-arg","locations":[{"start":{"line":61,"column":31},"end":{"line":61,"column":32}}],"line":61},"6":{"loc":{"start":{"line":71,"column":10},"end":{"line":71,"column":20}},"type":"default-arg","locations":[{"start":{"line":71,"column":18},"end":{"line":71,"column":20}}],"line":71},"7":{"loc":{"start":{"line":71,"column":22},"end":{"line":71,"column":32}},"type":"default-arg","locations":[{"start":{"line":71,"column":31},"end":{"line":71,"column":32}}],"line":71},"8":{"loc":{"start":{"line":81,"column":10},"end":{"line":81,"column":20}},"type":"default-arg","locations":[{"start":{"line":81,"column":18},"end":{"line":81,"column":20}}],"line":81},"9":{"loc":{"start":{"line":81,"column":22},"end":{"line":81,"column":32}},"type":"default-arg","locations":[{"start":{"line":81,"column":31},"end":{"line":81,"column":32}}],"line":81}},"s":{"0":0,"1":0,"2":0,"3":0,"4":0,"5":0,"6":0,"7":0,"8":0,"9":0,"10":0,"11":0,"12":0,"13":0,"14":0,"15":0,"16":0,"17":0,"18":0,"19":0,"20":0,"21":0,"22":0,"23":0,"24":0,"25":0,"26":0,"27":0,"28":0,"29":0,"30":0,"31":0,"32":0,"33":0,"34":0,"35":0,"36":0,"37":0,"38":0,"39":0,"40":0,"41":0,"42":0,"43":0,"44":0,"45":0,"46":0,"47":0,"48":0,"49":0,"50":0,"51":0,"52":0,"53":0},"f":{"0":0,"1":0,"2":0,"3":0,"4":0,"5":0,"6":0,"7":0,"8":0,"9":0},"b":{"0":[0,0],"1":[0,0],"2":[0,0],"3":[0,0],"4":[0],"5":[0],"6":[0],"7":[0],"8":[0],"9":[0]}}
,"C:\\Users\\Keino\\Downloads\\KB CLEAN\\KB-CLEAN-VER\\BACKEND\\server\\src\\middleware\\auth.js": {"path":"C:\\Users\\Keino\\Downloads\\KB CLEAN\\KB-CLEAN-VER\\BACKEND\\server\\src\\middleware\\auth.js","statementMap":{"0":{"start":{"line":1,"column":21},"end":{"line":1,"column":50}},"1":{"start":{"line":2,"column":18},"end":{"line":2,"column":47}},"2":{"start":{"line":5,"column":1},"end":{"line":20,"column":2}},"3":{"start":{"line":6,"column":2},"end":{"line":8,"column":3}},"4":{"start":{"line":7,"column":3},"end":{"line":7,"column":88}},"5":{"start":{"line":10,"column":15},"end":{"line":10,"column":49}},"6":{"start":{"line":11,"column":2},"end":{"line":14,"column":3}},"7":{"start":{"line":12,"column":3},"end":{"line":12,"column":33}},"8":{"start":{"line":13,"column":3},"end":{"line":13,"column":88}},"9":{"start":{"line":16,"column":2},"end":{"line":16,"column":18}},"10":{"start":{"line":17,"column":2},"end":{"line":17,"column":9}},"11":{"start":{"line":19,"column":2},"end":{"line":19,"column":79}},"12":{"start":{"line":23,"column":0},"end":{"line":23,"column":32}}},"fnMap":{"0":{"name":"authMiddleware","decl":{"start":{"line":4,"column":15},"end":{"line":4,"column":29}},"loc":{"start":{"line":4,"column":46},"end":{"line":21,"column":1}},"line":4},"1":{"name":"(anonymous_1)","decl":{"start":{"line":12,"column":23},"end":{"line":12,"column":24}},"loc":{"start":{"line":12,"column":29},"end":{"line":12,"column":31}},"line":12}},"branchMap":{"0":{"loc":{"start":{"line":6,"column":2},"end":{"line":8,"column":3}},"type":"if","locations":[{"start":{"line":6,"column":2},"end":{"line":8,"column":3}},{"start":{},"end":{}}],"line":6},"1":{"loc":{"start":{"line":6,"column":6},"end":{"line":6,"column":41}},"type":"binary-expr","locations":[{"start":{"line":6,"column":6},"end":{"line":6,"column":18}},{"start":{"line":6,"column":22},"end":{"line":6,"column":41}}],"line":6},"2":{"loc":{"start":{"line":11,"column":2},"end":{"line":14,"column":3}},"type":"if","locations":[{"start":{"line":11,"column":2},"end":{"line":14,"column":3}},{"start":{},"end":{}}],"line":11}},"s":{"0":0,"1":0,"2":0,"3":0,"4":0,"5":0,"6":0,"7":0,"8":0,"9":0,"10":0,"11":0,"12":0},"f":{"0":0,"1":0},"b":{"0":[0,0],"1":[0,0],"2":[0,0]}}
,"C:\\Users\\Keino\\Downloads\\KB CLEAN\\KB-CLEAN-VER\\BACKEND\\server\\src\\middleware\\authorize.js": {"path":"C:\\Users\\Keino\\Downloads\\KB CLEAN\\KB-CLEAN-VER\\BACKEND\\server\\src\\middleware\\authorize.js","statementMap":{"0":{"start":{"line":1,"column":18},"end":{"line":1,"column":47}},"1":{"start":{"line":4,"column":1},"end":{"line":14,"column":3}},"2":{"start":{"line":5,"column":2},"end":{"line":7,"column":3}},"3":{"start":{"line":6,"column":3},"end":{"line":6,"column":88}},"4":{"start":{"line":9,"column":2},"end":{"line":11,"column":3}},"5":{"start":{"line":10,"column":3},"end":{"line":10,"column":83}},"6":{"start":{"line":13,"column":2},"end":{"line":13,"column":9}},"7":{"start":{"line":18,"column":1},"end":{"line":31,"column":3}},"8":{"start":{"line":19,"column":2},"end":{"line":21,"column":3}},"9":{"start":{"line":20,"column":3},"end":{"line":20,"column":88}},"10":{"start":{"line":23,"column":26},"end":{"line":23,"column":74}},"11":{"start":{"line":24,"column":24},"end":{"line":24,"column":103}},"12":{"start":{"line":26,"column":2},"end":{"line":28,"column":3}},"13":{"start":{"line":27,"column":3},"end":{"line":27,"column":83}},"14":{"start":{"line":30,"column":2},"end":{"line":30,"column":9}},"15":{"start":{"line":34,"column":0},"end":{"line":37,"column":2}}},"fnMap":{"0":{"name":"authorizeRoles","decl":{"start":{"line":3,"column":9},"end":{"line":3,"column":23}},"loc":{"start":{"line":3,"column":41},"end":{"line":15,"column":1}},"line":3},"1":{"name":"(anonymous_1)","decl":{"start":{"line":4,"column":8},"end":{"line":4,"column":9}},"loc":{"start":{"line":4,"column":28},"end":{"line":14,"column":2}},"line":4},"2":{"name":"authorizePermission","decl":{"start":{"line":17,"column":9},"end":{"line":17,"column":28}},"loc":{"start":{"line":17,"column":49},"end":{"line":32,"column":1}},"line":17},"3":{"name":"(anonymous_3)","decl":{"start":{"line":18,"column":8},"end":{"line":18,"column":9}},"loc":{"start":{"line":18,"column":28},"end":{"line":31,"column":2}},"line":18}},"branchMap":{"0":{"loc":{"start":{"line":5,"column":2},"end":{"line":7,"column":3}},"type":"if","locations":[{"start":{"line":5,"column":2},"end":{"line":7,"column":3}},{"start":{},"end":{}}],"line":5},"1":{"loc":{"start":{"line":9,"column":2},"end":{"line":11,"column":3}},"type":"if","locations":[{"start":{"line":9,"column":2},"end":{"line":11,"column":3}},{"start":{},"end":{}}],"line":9},"2":{"loc":{"start":{"line":19,"column":2},"end":{"line":21,"column":3}},"type":"if","locations":[{"start":{"line":19,"column":2},"end":{"line":21,"column":3}},{"start":{},"end":{}}],"line":19},"3":{"loc":{"start":{"line":23,"column":26},"end":{"line":23,"column":74}},"type":"binary-expr","locations":[{"start":{"line":23,"column":26},"end":{"line":23,"column":68}},{"start":{"line":23,"column":72},"end":{"line":23,"column":74}}],"line":23},"4":{"loc":{"start":{"line":24,"column":24},"end":{"line":24,"column":103}},"type":"binary-expr","locations":[{"start":{"line":24,"column":24},"end":{"line":24,"column":55}},{"start":{"line":24,"column":59},"end":{"line":24,"column":103}}],"line":24},"5":{"loc":{"start":{"line":26,"column":2},"end":{"line":28,"column":3}},"type":"if","locations":[{"start":{"line":26,"column":2},"end":{"line":28,"column":3}},{"start":{},"end":{}}],"line":26}},"s":{"0":0,"1":0,"2":0,"3":0,"4":0,"5":0,"6":0,"7":0,"8":0,"9":0,"10":0,"11":0,"12":0,"13":0,"14":0,"15":0},"f":{"0":0,"1":0,"2":0,"3":0},"b":{"0":[0,0],"1":[0,0],"2":[0,0],"3":[0,0],"4":[0,0],"5":[0,0]}}
,"C:\\Users\\Keino\\Downloads\\KB CLEAN\\KB-CLEAN-VER\\BACKEND\\server\\src\\middleware\\errorHandler.js": {"path":"C:\\Users\\Keino\\Downloads\\KB CLEAN\\KB-CLEAN-VER\\BACKEND\\server\\src\\middleware\\errorHandler.js","statementMap":{"0":{"start":{"line":2,"column":1},"end":{"line":2,"column":31}},"1":{"start":{"line":4,"column":1},"end":{"line":9,"column":2}},"2":{"start":{"line":5,"column":2},"end":{"line":8,"column":5}},"3":{"start":{"line":11,"column":1},"end":{"line":15,"column":2}},"4":{"start":{"line":12,"column":2},"end":{"line":14,"column":5}},"5":{"start":{"line":17,"column":1},"end":{"line":21,"column":2}},"6":{"start":{"line":18,"column":2},"end":{"line":20,"column":5}},"7":{"start":{"line":23,"column":1},"end":{"line":27,"column":2}},"8":{"start":{"line":24,"column":2},"end":{"line":26,"column":5}},"9":{"start":{"line":29,"column":1},"end":{"line":33,"column":4}},"10":{"start":{"line":36,"column":0},"end":{"line":36,"column":30}}},"fnMap":{"0":{"name":"errorHandler","decl":{"start":{"line":1,"column":9},"end":{"line":1,"column":21}},"loc":{"start":{"line":1,"column":43},"end":{"line":34,"column":1}},"line":1}},"branchMap":{"0":{"loc":{"start":{"line":4,"column":1},"end":{"line":9,"column":2}},"type":"if","locations":[{"start":{"line":4,"column":1},"end":{"line":9,"column":2}},{"start":{},"end":{}}],"line":4},"1":{"loc":{"start":{"line":7,"column":11},"end":{"line":7,"column":37}},"type":"binary-expr","locations":[{"start":{"line":7,"column":11},"end":{"line":7,"column":22}},{"start":{"line":7,"column":26},"end":{"line":7,"column":37}}],"line":7},"2":{"loc":{"start":{"line":11,"column":1},"end":{"line":15,"column":2}},"type":"if","locations":[{"start":{"line":11,"column":1},"end":{"line":15,"column":2}},{"start":{},"end":{}}],"line":11},"3":{"loc":{"start":{"line":13,"column":12},"end":{"line":13,"column":46}},"type":"binary-expr","locations":[{"start":{"line":13,"column":12},"end":{"line":13,"column":23}},{"start":{"line":13,"column":27},"end":{"line":13,"column":46}}],"line":13},"4":{"loc":{"start":{"line":17,"column":1},"end":{"line":21,"column":2}},"type":"if","locations":[{"start":{"line":17,"column":1},"end":{"line":21,"column":2}},{"start":{},"end":{}}],"line":17},"5":{"loc":{"start":{"line":23,"column":1},"end":{"line":27,"column":2}},"type":"if","locations":[{"start":{"line":23,"column":1},"end":{"line":27,"column":2}},{"start":{},"end":{}}],"line":23},"6":{"loc":{"start":{"line":30,"column":11},"end":{"line":32,"column":50}},"type":"cond-expr","locations":[{"start":{"line":31,"column":5},"end":{"line":31,"column":35}},{"start":{"line":32,"column":5},"end":{"line":32,"column":50}}],"line":30},"7":{"loc":{"start":{"line":32,"column":5},"end":{"line":32,"column":50}},"type":"binary-expr","locations":[{"start":{"line":32,"column":5},"end":{"line":32,"column":16}},{"start":{"line":32,"column":20},"end":{"line":32,"column":50}}],"line":32}},"s":{"0":0,"1":0,"2":0,"3":0,"4":0,"5":0,"6":0,"7":0,"8":0,"9":0,"10":0},"f":{"0":0},"b":{"0":[0,0],"1":[0,0],"2":[0,0],"3":[0,0],"4":[0,0],"5":[0,0],"6":[0,0],"7":[0,0]}}
,"C:\\Users\\Keino\\Downloads\\KB CLEAN\\KB-CLEAN-VER\\BACKEND\\server\\src\\middleware\\rateLimiter.js": {"path":"C:\\Users\\Keino\\Downloads\\KB CLEAN\\KB-CLEAN-VER\\BACKEND\\server\\src\\middleware\\rateLimiter.js","statementMap":{"0":{"start":{"line":1,"column":18},"end":{"line":1,"column":47}},"1":{"start":{"line":3,"column":16},"end":{"line":9,"column":2}},"2":{"start":{"line":11,"column":20},"end":{"line":16,"column":2}},"3":{"start":{"line":18,"column":24},"end":{"line":22,"column":2}},"4":{"start":{"line":24,"column":0},"end":{"line":28,"column":2}}},"fnMap":{},"branchMap":{},"s":{"0":0,"1":0,"2":0,"3":0,"4":0},"f":{},"b":{}}
,"C:\\Users\\Keino\\Downloads\\KB CLEAN\\KB-CLEAN-VER\\BACKEND\\server\\src\\middleware\\validate.js": {"path":"C:\\Users\\Keino\\Downloads\\KB CLEAN\\KB-CLEAN-VER\\BACKEND\\server\\src\\middleware\\validate.js","statementMap":{"0":{"start":{"line":1,"column":35},"end":{"line":1,"column":65}},"1":{"start":{"line":4,"column":1},"end":{"line":15,"column":3}},"2":{"start":{"line":5,"column":25},"end":{"line":5,"column":39}},"3":{"start":{"line":6,"column":21},"end":{"line":6,"column":75}},"4":{"start":{"line":8,"column":2},"end":{"line":12,"column":3}},"5":{"start":{"line":9,"column":3},"end":{"line":11,"column":6}},"6":{"start":{"line":14,"column":2},"end":{"line":14,"column":9}},"7":{"start":{"line":18,"column":0},"end":{"line":18,"column":33}}},"fnMap":{"0":{"name":"validateRequest","decl":{"start":{"line":3,"column":9},"end":{"line":3,"column":24}},"loc":{"start":{"line":3,"column":41},"end":{"line":16,"column":1}},"line":3},"1":{"name":"(anonymous_1)","decl":{"start":{"line":4,"column":8},"end":{"line":4,"column":9}},"loc":{"start":{"line":4,"column":28},"end":{"line":15,"column":2}},"line":4}},"branchMap":{"0":{"loc":{"start":{"line":5,"column":25},"end":{"line":5,"column":39}},"type":"binary-expr","locations":[{"start":{"line":5,"column":25},"end":{"line":5,"column":33}},{"start":{"line":5,"column":37},"end":{"line":5,"column":39}}],"line":5},"1":{"loc":{"start":{"line":8,"column":2},"end":{"line":12,"column":3}},"type":"if","locations":[{"start":{"line":8,"column":2},"end":{"line":12,"column":3}},{"start":{},"end":{}}],"line":8}},"s":{"0":0,"1":0,"2":0,"3":0,"4":0,"5":0,"6":0,"7":0},"f":{"0":0,"1":0},"b":{"0":[0,0],"1":[0,0]}}
,"C:\\Users\\Keino\\Downloads\\KB CLEAN\\KB-CLEAN-VER\\BACKEND\\server\\src\\models\\activityLogModel.js": {"path":"C:\\Users\\Keino\\Downloads\\KB CLEAN\\KB-CLEAN-VER\\BACKEND\\server\\src\\models\\activityLogModel.js","statementMap":{"0":{"start":{"line":1,"column":11},"end":{"line":1,"column":33}},"1":{"start":{"line":4,"column":1},"end":{"line":4,"column":23}},"2":{"start":{"line":4,"column":11},"end":{"line":4,"column":23}},"3":{"start":{"line":6,"column":1},"end":{"line":16,"column":3}},"4":{"start":{"line":20,"column":1},"end":{"line":37,"column":4}},"5":{"start":{"line":41,"column":16},"end":{"line":44,"column":2}},"6":{"start":{"line":45,"column":1},"end":{"line":45,"column":32}},"7":{"start":{"line":49,"column":16},"end":{"line":55,"column":2}},"8":{"start":{"line":56,"column":1},"end":{"line":56,"column":33}},"9":{"start":{"line":60,"column":11},"end":{"line":60,"column":50}},"10":{"start":{"line":61,"column":16},"end":{"line":61,"column":18}},"11":{"start":{"line":63,"column":1},"end":{"line":66,"column":2}},"12":{"start":{"line":64,"column":2},"end":{"line":64,"column":29}},"13":{"start":{"line":65,"column":2},"end":{"line":65,"column":39}},"14":{"start":{"line":68,"column":1},"end":{"line":71,"column":2}},"15":{"start":{"line":69,"column":2},"end":{"line":69,"column":32}},"16":{"start":{"line":70,"column":2},"end":{"line":70,"column":34}},"17":{"start":{"line":73,"column":1},"end":{"line":76,"column":2}},"18":{"start":{"line":74,"column":2},"end":{"line":74,"column":27}},"19":{"start":{"line":75,"column":2},"end":{"line":75,"column":30}},"20":{"start":{"line":78,"column":1},"end":{"line":81,"column":2}},"21":{"start":{"line":79,"column":2},"end":{"line":79,"column":32}},"22":{"start":{"line":80,"column":2},"end":{"line":80,"column":33}},"23":{"start":{"line":83,"column":1},"end":{"line":86,"column":2}},"24":{"start":{"line":84,"column":2},"end":{"line":84,"column":32}},"25":{"start":{"line":85,"column":2},"end":{"line":85,"column":31}},"26":{"start":{"line":88,"column":1},"end":{"line":88,"column":53}},"27":{"start":{"line":89,"column":1},"end":{"line":89,"column":28}},"28":{"start":{"line":91,"column":16},"end":{"line":91,"column":43}},"29":{"start":{"line":92,"column":1},"end":{"line":92,"column":33}},"30":{"start":{"line":96,"column":18},"end":{"line":108,"column":2}},"31":{"start":{"line":109,"column":1},"end":{"line":109,"column":34}},"32":{"start":{"line":113,"column":18},"end":{"line":113,"column":97}},"33":{"start":{"line":114,"column":1},"end":{"line":114,"column":32}},"34":{"start":{"line":117,"column":0},"end":{"line":124,"column":2}}},"fnMap":{"0":{"name":"mapActivityLog","decl":{"start":{"line":3,"column":9},"end":{"line":3,"column":23}},"loc":{"start":{"line":3,"column":29},"end":{"line":17,"column":1}},"line":3},"1":{"name":"createActivityLogsTable","decl":{"start":{"line":19,"column":15},"end":{"line":19,"column":38}},"loc":{"start":{"line":19,"column":41},"end":{"line":38,"column":1}},"line":19},"2":{"name":"findById","decl":{"start":{"line":40,"column":15},"end":{"line":40,"column":23}},"loc":{"start":{"line":40,"column":28},"end":{"line":46,"column":1}},"line":40},"3":{"name":"findByAdminId","decl":{"start":{"line":48,"column":15},"end":{"line":48,"column":28}},"loc":{"start":{"line":48,"column":63},"end":{"line":57,"column":1}},"line":48},"4":{"name":"findAll","decl":{"start":{"line":59,"column":15},"end":{"line":59,"column":22}},"loc":{"start":{"line":59,"column":62},"end":{"line":93,"column":1}},"line":59},"5":{"name":"create","decl":{"start":{"line":95,"column":15},"end":{"line":95,"column":21}},"loc":{"start":{"line":95,"column":28},"end":{"line":110,"column":1}},"line":95},"6":{"name":"delete_","decl":{"start":{"line":112,"column":15},"end":{"line":112,"column":22}},"loc":{"start":{"line":112,"column":27},"end":{"line":115,"column":1}},"line":112}},"branchMap":{"0":{"loc":{"start":{"line":4,"column":1},"end":{"line":4,"column":23}},"type":"if","locations":[{"start":{"line":4,"column":1},"end":{"line":4,"column":23}},{"start":{},"end":{}}],"line":4},"1":{"loc":{"start":{"line":13,"column":11},"end":{"line":13,"column":55}},"type":"cond-expr","locations":[{"start":{"line":13,"column":25},"end":{"line":13,"column":48}},{"start":{"line":13,"column":51},"end":{"line":13,"column":55}}],"line":13},"2":{"loc":{"start":{"line":48,"column":38},"end":{"line":48,"column":49}},"type":"default-arg","locations":[{"start":{"line":48,"column":46},"end":{"line":48,"column":49}}],"line":48},"3":{"loc":{"start":{"line":48,"column":51},"end":{"line":48,"column":61}},"type":"default-arg","locations":[{"start":{"line":48,"column":60},"end":{"line":48,"column":61}}],"line":48},"4":{"loc":{"start":{"line":59,"column":23},"end":{"line":59,"column":35}},"type":"default-arg","locations":[{"start":{"line":59,"column":33},"end":{"line":59,"column":35}}],"line":59},"5":{"loc":{"start":{"line":59,"column":37},"end":{"line":59,"column":48}},"type":"default-arg","locations":[{"start":{"line":59,"column":45},"end":{"line":59,"column":48}}],"line":59},"6":{"loc":{"start":{"line":59,"column":50},"end":{"line":59,"column":60}},"type":"default-arg","locations":[{"start":{"line":59,"column":59},"end":{"line":59,"column":60}}],"line":59},"7":{"loc":{"start":{"line":63,"column":1},"end":{"line":66,"column":2}},"type":"if","locations":[{"start":{"line":63,"column":1},"end":{"line":66,"column":2}},{"start":{},"end":{}}],"line":63},"8":{"loc":{"start":{"line":68,"column":1},"end":{"line":71,"column":2}},"type":"if","locations":[{"start":{"line":68,"column":1},"end":{"line":71,"column":2}},{"start":{},"end":{}}],"line":68},"9":{"loc":{"start":{"line":73,"column":1},"end":{"line":76,"column":2}},"type":"if","locations":[{"start":{"line":73,"column":1},"end":{"line":76,"column":2}},{"start":{},"end":{}}],"line":73},"10":{"loc":{"start":{"line":78,"column":1},"end":{"line":81,"column":2}},"type":"if","locations":[{"start":{"line":78,"column":1},"end":{"line":81,"column":2}},{"start":{},"end":{}}],"line":78},"11":{"loc":{"start":{"line":83,"column":1},"end":{"line":86,"column":2}},"type":"if","locations":[{"start":{"line":83,"column":1},"end":{"line":86,"column":2}},{"start":{},"end":{}}],"line":83},"12":{"loc":{"start":{"line":103,"column":3},"end":{"line":103,"column":24}},"type":"binary-expr","locations":[{"start":{"line":103,"column":3},"end":{"line":103,"column":16}},{"start":{"line":103,"column":20},"end":{"line":103,"column":24}}],"line":103},"13":{"loc":{"start":{"line":104,"column":3},"end":{"line":104,"column":27}},"type":"binary-expr","locations":[{"start":{"line":104,"column":3},"end":{"line":104,"column":19}},{"start":{"line":104,"column":23},"end":{"line":104,"column":27}}],"line":104},"14":{"loc":{"start":{"line":105,"column":3},"end":{"line":105,"column":53}},"type":"cond-expr","locations":[{"start":{"line":105,"column":18},"end":{"line":105,"column":46}},{"start":{"line":105,"column":49},"end":{"line":105,"column":53}}],"line":105},"15":{"loc":{"start":{"line":106,"column":3},"end":{"line":106,"column":25}},"type":"binary-expr","locations":[{"start":{"line":106,"column":3},"end":{"line":106,"column":17}},{"start":{"line":106,"column":21},"end":{"line":106,"column":25}}],"line":106}},"s":{"0":0,"1":0,"2":0,"3":0,"4":0,"5":0,"6":0,"7":0,"8":0,"9":0,"10":0,"11":0,"12":0,"13":0,"14":0,"15":0,"16":0,"17":0,"18":0,"19":0,"20":0,"21":0,"22":0,"23":0,"24":0,"25":0,"26":0,"27":0,"28":0,"29":0,"30":0,"31":0,"32":0,"33":0,"34":0},"f":{"0":0,"1":0,"2":0,"3":0,"4":0,"5":0,"6":0},"b":{"0":[0,0],"1":[0,0],"2":[0],"3":[0],"4":[0],"5":[0],"6":[0],"7":[0,0],"8":[0,0],"9":[0,0],"10":[0,0],"11":[0,0],"12":[0,0],"13":[0,0],"14":[0,0],"15":[0,0]}}
,"C:\\Users\\Keino\\Downloads\\KB CLEAN\\KB-CLEAN-VER\\BACKEND\\server\\src\\models\\campaignModel.js": {"path":"C:\\Users\\Keino\\Downloads\\KB CLEAN\\KB-CLEAN-VER\\BACKEND\\server\\src\\models\\campaignModel.js","statementMap":{"0":{"start":{"line":1,"column":11},"end":{"line":1,"column":33}},"1":{"start":{"line":2,"column":28},"end":{"line":2,"column":57}},"2":{"start":{"line":5,"column":1},"end":{"line":5,"column":23}},"3":{"start":{"line":5,"column":11},"end":{"line":5,"column":23}},"4":{"start":{"line":7,"column":1},"end":{"line":22,"column":3}},"5":{"start":{"line":26,"column":1},"end":{"line":49,"column":4}},"6":{"start":{"line":53,"column":16},"end":{"line":56,"column":2}},"7":{"start":{"line":57,"column":1},"end":{"line":57,"column":29}},"8":{"start":{"line":61,"column":16},"end":{"line":67,"column":2}},"9":{"start":{"line":68,"column":1},"end":{"line":68,"column":30}},"10":{"start":{"line":72,"column":16},"end":{"line":78,"column":2}},"11":{"start":{"line":79,"column":1},"end":{"line":79,"column":30}},"12":{"start":{"line":83,"column":11},"end":{"line":83,"column":46}},"13":{"start":{"line":84,"column":16},"end":{"line":84,"column":18}},"14":{"start":{"line":86,"column":1},"end":{"line":89,"column":2}},"15":{"start":{"line":87,"column":2},"end":{"line":87,"column":27}},"16":{"start":{"line":88,"column":2},"end":{"line":88,"column":30}},"17":{"start":{"line":91,"column":1},"end":{"line":94,"column":2}},"18":{"start":{"line":92,"column":2},"end":{"line":92,"column":29}},"19":{"start":{"line":93,"column":2},"end":{"line":93,"column":32}},"20":{"start":{"line":96,"column":1},"end":{"line":99,"column":2}},"21":{"start":{"line":97,"column":2},"end":{"line":97,"column":27}},"22":{"start":{"line":98,"column":2},"end":{"line":98,"column":37}},"23":{"start":{"line":101,"column":1},"end":{"line":105,"column":2}},"24":{"start":{"line":102,"column":2},"end":{"line":102,"column":53}},"25":{"start":{"line":103,"column":21},"end":{"line":103,"column":42}},"26":{"start":{"line":104,"column":2},"end":{"line":104,"column":38}},"27":{"start":{"line":107,"column":1},"end":{"line":107,"column":53}},"28":{"start":{"line":108,"column":1},"end":{"line":108,"column":28}},"29":{"start":{"line":110,"column":16},"end":{"line":110,"column":43}},"30":{"start":{"line":111,"column":1},"end":{"line":111,"column":30}},"31":{"start":{"line":115,"column":18},"end":{"line":127,"column":2}},"32":{"start":{"line":128,"column":1},"end":{"line":128,"column":34}},"33":{"start":{"line":132,"column":17},"end":{"line":132,"column":19}},"34":{"start":{"line":133,"column":16},"end":{"line":133,"column":18}},"35":{"start":{"line":135,"column":1},"end":{"line":138,"column":2}},"36":{"start":{"line":136,"column":2},"end":{"line":136,"column":28}},"37":{"start":{"line":137,"column":2},"end":{"line":137,"column":26}},"38":{"start":{"line":139,"column":1},"end":{"line":142,"column":2}},"39":{"start":{"line":140,"column":2},"end":{"line":140,"column":34}},"40":{"start":{"line":141,"column":2},"end":{"line":141,"column":32}},"41":{"start":{"line":143,"column":1},"end":{"line":146,"column":2}},"42":{"start":{"line":144,"column":2},"end":{"line":144,"column":36}},"43":{"start":{"line":145,"column":2},"end":{"line":145,"column":33}},"44":{"start":{"line":147,"column":1},"end":{"line":150,"column":2}},"45":{"start":{"line":148,"column":2},"end":{"line":148,"column":29}},"46":{"start":{"line":149,"column":2},"end":{"line":149,"column":27}},"47":{"start":{"line":151,"column":1},"end":{"line":154,"column":2}},"48":{"start":{"line":152,"column":2},"end":{"line":152,"column":32}},"49":{"start":{"line":153,"column":2},"end":{"line":153,"column":29}},"50":{"start":{"line":155,"column":1},"end":{"line":158,"column":2}},"51":{"start":{"line":156,"column":2},"end":{"line":156,"column":33}},"52":{"start":{"line":157,"column":2},"end":{"line":157,"column":30}},"53":{"start":{"line":159,"column":1},"end":{"line":162,"column":2}},"54":{"start":{"line":160,"column":2},"end":{"line":160,"column":31}},"55":{"start":{"line":161,"column":2},"end":{"line":161,"column":28}},"56":{"start":{"line":164,"column":1},"end":{"line":164,"column":47}},"57":{"start":{"line":164,"column":27},"end":{"line":164,"column":47}},"58":{"start":{"line":166,"column":1},"end":{"line":166,"column":25}},"59":{"start":{"line":167,"column":13},"end":{"line":167,"column":79}},"60":{"start":{"line":168,"column":1},"end":{"line":168,"column":29}},"61":{"start":{"line":169,"column":1},"end":{"line":169,"column":21}},"62":{"start":{"line":173,"column":1},"end":{"line":176,"column":3}},"63":{"start":{"line":180,"column":18},"end":{"line":180,"column":93}},"64":{"start":{"line":181,"column":1},"end":{"line":181,"column":32}},"65":{"start":{"line":184,"column":0},"end":{"line":194,"column":2}}},"fnMap":{"0":{"name":"mapCampaign","decl":{"start":{"line":4,"column":9},"end":{"line":4,"column":20}},"loc":{"start":{"line":4,"column":26},"end":{"line":23,"column":1}},"line":4},"1":{"name":"createCampaignsTable","decl":{"start":{"line":25,"column":15},"end":{"line":25,"column":35}},"loc":{"start":{"line":25,"column":38},"end":{"line":50,"column":1}},"line":25},"2":{"name":"findById","decl":{"start":{"line":52,"column":15},"end":{"line":52,"column":23}},"loc":{"start":{"line":52,"column":28},"end":{"line":58,"column":1}},"line":52},"3":{"name":"findByStatus","decl":{"start":{"line":60,"column":15},"end":{"line":60,"column":27}},"loc":{"start":{"line":60,"column":60},"end":{"line":69,"column":1}},"line":60},"4":{"name":"findByNgoId","decl":{"start":{"line":71,"column":15},"end":{"line":71,"column":26}},"loc":{"start":{"line":71,"column":58},"end":{"line":80,"column":1}},"line":71},"5":{"name":"findAll","decl":{"start":{"line":82,"column":15},"end":{"line":82,"column":22}},"loc":{"start":{"line":82,"column":61},"end":{"line":112,"column":1}},"line":82},"6":{"name":"create","decl":{"start":{"line":114,"column":15},"end":{"line":114,"column":21}},"loc":{"start":{"line":114,"column":28},"end":{"line":129,"column":1}},"line":114},"7":{"name":"update","decl":{"start":{"line":131,"column":15},"end":{"line":131,"column":21}},"loc":{"start":{"line":131,"column":32},"end":{"line":170,"column":1}},"line":131},"8":{"name":"updateAmount","decl":{"start":{"line":172,"column":15},"end":{"line":172,"column":27}},"loc":{"start":{"line":172,"column":40},"end":{"line":177,"column":1}},"line":172},"9":{"name":"delete_","decl":{"start":{"line":179,"column":15},"end":{"line":179,"column":22}},"loc":{"start":{"line":179,"column":27},"end":{"line":182,"column":1}},"line":179}},"branchMap":{"0":{"loc":{"start":{"line":5,"column":1},"end":{"line":5,"column":23}},"type":"if","locations":[{"start":{"line":5,"column":1},"end":{"line":5,"column":23}},{"start":{},"end":{}}],"line":5},"1":{"loc":{"start":{"line":13,"column":17},"end":{"line":13,"column":48}},"type":"binary-expr","locations":[{"start":{"line":13,"column":17},"end":{"line":13,"column":43}},{"start":{"line":13,"column":47},"end":{"line":13,"column":48}}],"line":13},"2":{"loc":{"start":{"line":60,"column":36},"end":{"line":60,"column":46}},"type":"default-arg","locations":[{"start":{"line":60,"column":44},"end":{"line":60,"column":46}}],"line":60},"3":{"loc":{"start":{"line":60,"column":48},"end":{"line":60,"column":58}},"type":"default-arg","locations":[{"start":{"line":60,"column":57},"end":{"line":60,"column":58}}],"line":60},"4":{"loc":{"start":{"line":71,"column":34},"end":{"line":71,"column":44}},"type":"default-arg","locations":[{"start":{"line":71,"column":42},"end":{"line":71,"column":44}}],"line":71},"5":{"loc":{"start":{"line":71,"column":46},"end":{"line":71,"column":56}},"type":"default-arg","locations":[{"start":{"line":71,"column":55},"end":{"line":71,"column":56}}],"line":71},"6":{"loc":{"start":{"line":82,"column":23},"end":{"line":82,"column":35}},"type":"default-arg","locations":[{"start":{"line":82,"column":33},"end":{"line":82,"column":35}}],"line":82},"7":{"loc":{"start":{"line":82,"column":37},"end":{"line":82,"column":47}},"type":"default-arg","locations":[{"start":{"line":82,"column":45},"end":{"line":82,"column":47}}],"line":82},"8":{"loc":{"start":{"line":82,"column":49},"end":{"line":82,"column":59}},"type":"default-arg","locations":[{"start":{"line":82,"column":58},"end":{"line":82,"column":59}}],"line":82},"9":{"loc":{"start":{"line":86,"column":1},"end":{"line":89,"column":2}},"type":"if","locations":[{"start":{"line":86,"column":1},"end":{"line":89,"column":2}},{"start":{},"end":{}}],"line":86},"10":{"loc":{"start":{"line":91,"column":1},"end":{"line":94,"column":2}},"type":"if","locations":[{"start":{"line":91,"column":1},"end":{"line":94,"column":2}},{"start":{},"end":{}}],"line":91},"11":{"loc":{"start":{"line":96,"column":1},"end":{"line":99,"column":2}},"type":"if","locations":[{"start":{"line":96,"column":1},"end":{"line":99,"column":2}},{"start":{},"end":{}}],"line":96},"12":{"loc":{"start":{"line":101,"column":1},"end":{"line":105,"column":2}},"type":"if","locations":[{"start":{"line":101,"column":1},"end":{"line":105,"column":2}},{"start":{},"end":{}}],"line":101},"13":{"loc":{"start":{"line":125,"column":3},"end":{"line":125,"column":39}},"type":"binary-expr","locations":[{"start":{"line":125,"column":3},"end":{"line":125,"column":14}},{"start":{"line":125,"column":18},"end":{"line":125,"column":39}}],"line":125},"14":{"loc":{"start":{"line":135,"column":1},"end":{"line":138,"column":2}},"type":"if","locations":[{"start":{"line":135,"column":1},"end":{"line":138,"column":2}},{"start":{},"end":{}}],"line":135},"15":{"loc":{"start":{"line":139,"column":1},"end":{"line":142,"column":2}},"type":"if","locations":[{"start":{"line":139,"column":1},"end":{"line":142,"column":2}},{"start":{},"end":{}}],"line":139},"16":{"loc":{"start":{"line":143,"column":1},"end":{"line":146,"column":2}},"type":"if","locations":[{"start":{"line":143,"column":1},"end":{"line":146,"column":2}},{"start":{},"end":{}}],"line":143},"17":{"loc":{"start":{"line":147,"column":1},"end":{"line":150,"column":2}},"type":"if","locations":[{"start":{"line":147,"column":1},"end":{"line":150,"column":2}},{"start":{},"end":{}}],"line":147},"18":{"loc":{"start":{"line":151,"column":1},"end":{"line":154,"column":2}},"type":"if","locations":[{"start":{"line":151,"column":1},"end":{"line":154,"column":2}},{"start":{},"end":{}}],"line":151},"19":{"loc":{"start":{"line":155,"column":1},"end":{"line":158,"column":2}},"type":"if","locations":[{"start":{"line":155,"column":1},"end":{"line":158,"column":2}},{"start":{},"end":{}}],"line":155},"20":{"loc":{"start":{"line":159,"column":1},"end":{"line":162,"column":2}},"type":"if","locations":[{"start":{"line":159,"column":1},"end":{"line":162,"column":2}},{"start":{},"end":{}}],"line":159},"21":{"loc":{"start":{"line":164,"column":1},"end":{"line":164,"column":47}},"type":"if","locations":[{"start":{"line":164,"column":1},"end":{"line":164,"column":47}},{"start":{},"end":{}}],"line":164}},"s":{"0":0,"1":0,"2":0,"3":0,"4":0,"5":0,"6":0,"7":0,"8":0,"9":0,"10":0,"11":0,"12":0,"13":0,"14":0,"15":0,"16":0,"17":0,"18":0,"19":0,"20":0,"21":0,"22":0,"23":0,"24":0,"25":0,"26":0,"27":0,"28":0,"29":0,"30":0,"31":0,"32":0,"33":0,"34":0,"35":0,"36":0,"37":0,"38":0,"39":0,"40":0,"41":0,"42":0,"43":0,"44":0,"45":0,"46":0,"47":0,"48":0,"49":0,"50":0,"51":0,"52":0,"53":0,"54":0,"55":0,"56":0,"57":0,"58":0,"59":0,"60":0,"61":0,"62":0,"63":0,"64":0,"65":0},"f":{"0":0,"1":0,"2":0,"3":0,"4":0,"5":0,"6":0,"7":0,"8":0,"9":0},"b":{"0":[0,0],"1":[0,0],"2":[0],"3":[0],"4":[0],"5":[0],"6":[0],"7":[0],"8":[0],"9":[0,0],"10":[0,0],"11":[0,0],"12":[0,0],"13":[0,0],"14":[0,0],"15":[0,0],"16":[0,0],"17":[0,0],"18":[0,0],"19":[0,0],"20":[0,0],"21":[0,0]}}
,"C:\\Users\\Keino\\Downloads\\KB CLEAN\\KB-CLEAN-VER\\BACKEND\\server\\src\\models\\donationModel.js": {"path":"C:\\Users\\Keino\\Downloads\\KB CLEAN\\KB-CLEAN-VER\\BACKEND\\server\\src\\models\\donationModel.js","statementMap":{"0":{"start":{"line":1,"column":11},"end":{"line":1,"column":33}},"1":{"start":{"line":2,"column":28},"end":{"line":2,"column":57}},"2":{"start":{"line":5,"column":1},"end":{"line":5,"column":23}},"3":{"start":{"line":5,"column":11},"end":{"line":5,"column":23}},"4":{"start":{"line":7,"column":1},"end":{"line":17,"column":3}},"5":{"start":{"line":21,"column":1},"end":{"line":39,"column":4}},"6":{"start":{"line":43,"column":16},"end":{"line":46,"column":2}},"7":{"start":{"line":47,"column":1},"end":{"line":47,"column":29}},"8":{"start":{"line":51,"column":16},"end":{"line":57,"column":2}},"9":{"start":{"line":58,"column":1},"end":{"line":58,"column":30}},"10":{"start":{"line":62,"column":16},"end":{"line":68,"column":2}},"11":{"start":{"line":69,"column":1},"end":{"line":69,"column":30}},"12":{"start":{"line":73,"column":18},"end":{"line":83,"column":2}},"13":{"start":{"line":84,"column":1},"end":{"line":84,"column":34}},"14":{"start":{"line":88,"column":17},"end":{"line":88,"column":31}},"15":{"start":{"line":89,"column":16},"end":{"line":89,"column":24}},"16":{"start":{"line":91,"column":1},"end":{"line":94,"column":2}},"17":{"start":{"line":92,"column":2},"end":{"line":92,"column":38}},"18":{"start":{"line":93,"column":2},"end":{"line":93,"column":30}},"19":{"start":{"line":96,"column":1},"end":{"line":96,"column":25}},"20":{"start":{"line":97,"column":13},"end":{"line":97,"column":79}},"21":{"start":{"line":98,"column":1},"end":{"line":98,"column":29}},"22":{"start":{"line":99,"column":1},"end":{"line":99,"column":21}},"23":{"start":{"line":103,"column":16},"end":{"line":108,"column":2}},"24":{"start":{"line":110,"column":1},"end":{"line":113,"column":3}},"25":{"start":{"line":117,"column":18},"end":{"line":117,"column":93}},"26":{"start":{"line":118,"column":1},"end":{"line":118,"column":32}},"27":{"start":{"line":121,"column":0},"end":{"line":130,"column":2}}},"fnMap":{"0":{"name":"mapDonation","decl":{"start":{"line":4,"column":9},"end":{"line":4,"column":20}},"loc":{"start":{"line":4,"column":26},"end":{"line":18,"column":1}},"line":4},"1":{"name":"createDonationsTable","decl":{"start":{"line":20,"column":15},"end":{"line":20,"column":35}},"loc":{"start":{"line":20,"column":38},"end":{"line":40,"column":1}},"line":20},"2":{"name":"findById","decl":{"start":{"line":42,"column":15},"end":{"line":42,"column":23}},"loc":{"start":{"line":42,"column":28},"end":{"line":48,"column":1}},"line":42},"3":{"name":"findByCampaignId","decl":{"start":{"line":50,"column":15},"end":{"line":50,"column":31}},"loc":{"start":{"line":50,"column":69},"end":{"line":59,"column":1}},"line":50},"4":{"name":"findByDonorId","decl":{"start":{"line":61,"column":15},"end":{"line":61,"column":28}},"loc":{"start":{"line":61,"column":62},"end":{"line":70,"column":1}},"line":61},"5":{"name":"create","decl":{"start":{"line":72,"column":15},"end":{"line":72,"column":21}},"loc":{"start":{"line":72,"column":28},"end":{"line":85,"column":1}},"line":72},"6":{"name":"updateStatus","decl":{"start":{"line":87,"column":15},"end":{"line":87,"column":27}},"loc":{"start":{"line":87,"column":63},"end":{"line":100,"column":1}},"line":87},"7":{"name":"getCampaignStats","decl":{"start":{"line":102,"column":15},"end":{"line":102,"column":31}},"loc":{"start":{"line":102,"column":44},"end":{"line":114,"column":1}},"line":102},"8":{"name":"delete_","decl":{"start":{"line":116,"column":15},"end":{"line":116,"column":22}},"loc":{"start":{"line":116,"column":27},"end":{"line":119,"column":1}},"line":116}},"branchMap":{"0":{"loc":{"start":{"line":5,"column":1},"end":{"line":5,"column":23}},"type":"if","locations":[{"start":{"line":5,"column":1},"end":{"line":5,"column":23}},{"start":{},"end":{}}],"line":5},"1":{"loc":{"start":{"line":50,"column":44},"end":{"line":50,"column":55}},"type":"default-arg","locations":[{"start":{"line":50,"column":52},"end":{"line":50,"column":55}}],"line":50},"2":{"loc":{"start":{"line":50,"column":57},"end":{"line":50,"column":67}},"type":"default-arg","locations":[{"start":{"line":50,"column":66},"end":{"line":50,"column":67}}],"line":50},"3":{"loc":{"start":{"line":61,"column":38},"end":{"line":61,"column":48}},"type":"default-arg","locations":[{"start":{"line":61,"column":46},"end":{"line":61,"column":48}}],"line":61},"4":{"loc":{"start":{"line":61,"column":50},"end":{"line":61,"column":60}},"type":"default-arg","locations":[{"start":{"line":61,"column":59},"end":{"line":61,"column":60}}],"line":61},"5":{"loc":{"start":{"line":81,"column":3},"end":{"line":81,"column":23}},"type":"binary-expr","locations":[{"start":{"line":81,"column":3},"end":{"line":81,"column":15}},{"start":{"line":81,"column":19},"end":{"line":81,"column":23}}],"line":81},"6":{"loc":{"start":{"line":87,"column":40},"end":{"line":87,"column":61}},"type":"default-arg","locations":[{"start":{"line":87,"column":57},"end":{"line":87,"column":61}}],"line":87},"7":{"loc":{"start":{"line":91,"column":1},"end":{"line":94,"column":2}},"type":"if","locations":[{"start":{"line":91,"column":1},"end":{"line":94,"column":2}},{"start":{},"end":{}}],"line":91},"8":{"loc":{"start":{"line":111,"column":18},"end":{"line":111,"column":47}},"type":"binary-expr","locations":[{"start":{"line":111,"column":18},"end":{"line":111,"column":42}},{"start":{"line":111,"column":46},"end":{"line":111,"column":47}}],"line":111},"9":{"loc":{"start":{"line":112,"column":15},"end":{"line":112,"column":49}},"type":"binary-expr","locations":[{"start":{"line":112,"column":15},"end":{"line":112,"column":44}},{"start":{"line":112,"column":48},"end":{"line":112,"column":49}}],"line":112}},"s":{"0":0,"1":0,"2":0,"3":0,"4":0,"5":0,"6":0,"7":0,"8":0,"9":0,"10":0,"11":0,"12":0,"13":0,"14":0,"15":0,"16":0,"17":0,"18":0,"19":0,"20":0,"21":0,"22":0,"23":0,"24":0,"25":0,"26":0,"27":0},"f":{"0":0,"1":0,"2":0,"3":0,"4":0,"5":0,"6":0,"7":0,"8":0},"b":{"0":[0,0],"1":[0],"2":[0],"3":[0],"4":[0],"5":[0,0],"6":[0],"7":[0,0],"8":[0,0],"9":[0,0]}}
,"C:\\Users\\Keino\\Downloads\\KB CLEAN\\KB-CLEAN-VER\\BACKEND\\server\\src\\models\\ngoModel.js": {"path":"C:\\Users\\Keino\\Downloads\\KB CLEAN\\KB-CLEAN-VER\\BACKEND\\server\\src\\models\\ngoModel.js","statementMap":{"0":{"start":{"line":1,"column":11},"end":{"line":1,"column":33}},"1":{"start":{"line":2,"column":36},"end":{"line":2,"column":65}},"2":{"start":{"line":5,"column":1},"end":{"line":5,"column":23}},"3":{"start":{"line":5,"column":11},"end":{"line":5,"column":23}},"4":{"start":{"line":7,"column":1},"end":{"line":21,"column":3}},"5":{"start":{"line":25,"column":1},"end":{"line":46,"column":4}},"6":{"start":{"line":50,"column":16},"end":{"line":53,"column":2}},"7":{"start":{"line":54,"column":1},"end":{"line":54,"column":24}},"8":{"start":{"line":58,"column":16},"end":{"line":61,"column":2}},"9":{"start":{"line":62,"column":1},"end":{"line":62,"column":24}},"10":{"start":{"line":66,"column":16},"end":{"line":72,"column":2}},"11":{"start":{"line":73,"column":1},"end":{"line":73,"column":25}},"12":{"start":{"line":77,"column":16},"end":{"line":82,"column":2}},"13":{"start":{"line":83,"column":1},"end":{"line":83,"column":25}},"14":{"start":{"line":87,"column":18},"end":{"line":99,"column":2}},"15":{"start":{"line":100,"column":1},"end":{"line":100,"column":34}},"16":{"start":{"line":104,"column":17},"end":{"line":104,"column":19}},"17":{"start":{"line":105,"column":16},"end":{"line":105,"column":18}},"18":{"start":{"line":107,"column":1},"end":{"line":110,"column":2}},"19":{"start":{"line":108,"column":2},"end":{"line":108,"column":31}},"20":{"start":{"line":109,"column":2},"end":{"line":109,"column":25}},"21":{"start":{"line":111,"column":1},"end":{"line":114,"column":2}},"22":{"start":{"line":112,"column":2},"end":{"line":112,"column":34}},"23":{"start":{"line":113,"column":2},"end":{"line":113,"column":32}},"24":{"start":{"line":115,"column":1},"end":{"line":118,"column":2}},"25":{"start":{"line":116,"column":2},"end":{"line":116,"column":34}},"26":{"start":{"line":117,"column":2},"end":{"line":117,"column":31}},"27":{"start":{"line":119,"column":1},"end":{"line":122,"column":2}},"28":{"start":{"line":120,"column":2},"end":{"line":120,"column":35}},"29":{"start":{"line":121,"column":2},"end":{"line":121,"column":32}},"30":{"start":{"line":123,"column":1},"end":{"line":126,"column":2}},"31":{"start":{"line":124,"column":2},"end":{"line":124,"column":30}},"32":{"start":{"line":125,"column":2},"end":{"line":125,"column":28}},"33":{"start":{"line":127,"column":1},"end":{"line":130,"column":2}},"34":{"start":{"line":128,"column":2},"end":{"line":128,"column":31}},"35":{"start":{"line":129,"column":2},"end":{"line":129,"column":28}},"36":{"start":{"line":132,"column":1},"end":{"line":132,"column":47}},"37":{"start":{"line":132,"column":27},"end":{"line":132,"column
[...]
t":{"line":36,"column":33},"end":{"line":45,"column":1}},"line":36},"2":{"name":"getUserNgoProfile","decl":{"start":{"line":47,"column":15},"end":{"line":47,"column":32}},"loc":{"start":{"line":47,"column":41},"end":{"line":56,"column":1}},"line":47},"3":{"name":"updateNgoProfile","decl":{"start":{"line":58,"column":15},"end":{"line":58,"column":31}},"loc":{"start":{"line":58,"column":50},"end":{"line":90,"column":1}},"line":58},"4":{"name":"getPendingVerifications","decl":{"start":{"line":92,"column":15},"end":{"line":92,"column":38}},"loc":{"start":{"line":92,"column":63},"end":{"line":95,"column":1}},"line":92},"5":{"name":"getVerifiedNgos","decl":{"start":{"line":97,"column":15},"end":{"line":97,"column":30}},"loc":{"start":{"line":97,"column":55},"end":{"line":100,"column":1}},"line":97},"6":{"name":"verifyNgoProfile","decl":{"start":{"line":102,"column":15},"end":{"line":102,"column":31}},"loc":{"start":{"line":102,"column":36},"end":{"line":120,"column":1}},"line":102},"7":{"name":"rejectNgoProfile","decl":{"start":{"line":122,"column":15},"end":{"line":122,"column":31}},"loc":{"start":{"line":122,"column":36},"end":{"line":140,"column":1}},"line":122},"8":{"name":"listAllNgos","decl":{"start":{"line":142,"column":15},"end":{"line":142,"column":26}},"loc":{"start":{"line":142,"column":51},"end":{"line":145,"column":1}},"line":142},"9":{"name":"deleteNgoProfile","decl":{"start":{"line":147,"column":15},"end":{"line":147,"column":31}},"loc":{"start":{"line":147,"column":44},"end":{"line":172,"column":1}},"line":147}},"branchMap":{"0":{"loc":{"start":{"line":8,"column":1},"end":{"line":13,"column":2}},"type":"if","locations":[{"start":{"line":8,"column":1},"end":{"line":13,"column":2}},{"start":{},"end":{}}],"line":8},"1":{"loc":{"start":{"line":8,"column":5},"end":{"line":8,"column":63}},"type":"binary-expr","locations":[{"start":{"line":8,"column":5},"end":{"line":8,"column":21}},{"start":{"line":8,"column":25},"end":{"line":8,"column":63}}],"line":8},"2":{"loc":{"start":{"line":16,"column":1},"end":{"line":21,"column":2}},"type":"if","locations":[{"start":{"line":16,"column":1},"end":{"line":21,"column":2}},{"start":{},"end":{}}],"line":16},"3":{"loc":{"start":{"line":26,"column":15},"end":{"line":26,"column":39}},"type":"binary-expr","locations":[{"start":{"line":26,"column":15},"end":{"line":26,"column":31}},{"start":{"line":26,"column":35},"end":{"line":26,"column":39}}],"line":26},"4":{"loc":{"start":{"line":27,"column":14},"end":{"line":27,"column":37}},"type":"binary-expr","locations":[{"start":{"line":27,"column":14},"end":{"line":27,"column":29}},{"start":{"line":27,"column":33},"end":{"line":27,"column":37}}],"line":27},"5":{"loc":{"start":{"line":28,"column":15},"end":{"line":28,"column":39}},"type":"binary-expr","locations":[{"start":{"line":28,"column":15},"end":{"line":28,"column":31}},{"start":{"line":28,"column":35},"end":{"line":28,"column":39}}],"line":28},"6":{"loc":{"start":{"line":29,"column":11},"end":{"line":29,"column":31}},"type":"binary-expr","locations":[{"start":{"line":29,"column":11},"end":{"line":29,"column":23}},{"start":{"line":29,"column":27},"end":{"line":29,"column":31}}],"line":29},"7":{"loc":{"start":{"line":38,"column":1},"end":{"line":43,"column":2}},"type":"if","locations":[{"start":{"line":38,"column":1},"end":{"line":43,"column":2}},{"start":{},"end":{}}],"line":38},"8":{"loc":{"start":{"line":49,"column":1},"end":{"line":54,"column":2}},"type":"if","locations":[{"start":{"line":49,"column":1},"end":{"line":54,"column":2}},{"start":{},"end":{}}],"line":49},"9":{"loc":{"start":{"line":60,"column":1},"end":{"line":65,"column":2}},"type":"if","locations":[{"start":{"line":60,"column":1},"end":{"line":65,"column":2}},{"start":{},"end":{}}],"line":60},"10":{"loc":{"start":{"line":67,"column":1},"end":{"line":72,"column":2}},"type":"if","locations":[{"start":{"line":67,"column":1},"end":{"line":72,"column":2}},{"start":{},"end":{}}],"line":67},"11":{"loc":{"start":{"line":74,"column":1},"end":{"line":79,"column":2}},"type":"if","locations":[{"start":{"line":74,"column":1},"end":{"line":79,"column":2}},{"start":{},"end":{}}],"line":74},"12":{"loc":{"start":{"line":81,"column":1},"end":{"line":86,"column":2}},"type":"if","locations":[{"start":{"line":81,"column":1},"end":{"line":86,"column":2}},{"start":{},"end":{}}],"line":81},"13":{"loc":{"start":{"line":81,"column":5},"end":{"line":81,"column":63}},"type":"binary-expr","locations":[{"start":{"line":81,"column":5},"end":{"line":81,"column":21}},{"start":{"line":81,"column":25},"end":{"line":81,"column":63}}],"line":81},"14":{"loc":{"start":{"line":92,"column":39},"end":{"line":92,"column":49}},"type":"default-arg","locations":[{"start":{"line":92,"column":47},"end":{"line":92,"column":49}}],"line":92},"15":{"loc":{"start":{"line":92,"column":51},"end":{"line":92,"column":61}},"type":"default-arg","locations":[{"start":{"line":92,"column":60},"end":{"line":92,"column":61}}],"line":92},"16":{"loc":{"start":{"line":97,"column":31},"end":{"line":97,"column":41}},"type":"default-arg","locations":[{"start":{"line":97,"column":39},"end":{"line":97,"column":41}}],"line":97},"17":{"loc":{"start":{"line":97,"column":43},"end":{"line":97,"column":53}},"type":"default-arg","locations":[{"start":{"line":97,"column":52},"end":{"line":97,"column":53}}],"line":97},"18":{"loc":{"start":{"line":104,"column":1},"end":{"line":109,"column":2}},"type":"if","locations":[{"start":{"line":104,"column":1},"end":{"line":109,"column":2}},{"start":{},"end":{}}],"line":104},"19":{"loc":{"start":{"line":111,"column":1},"end":{"line":116,"column":2}},"type":"if","locations":[{"start":{"line":111,"column":1},"end":{"line":116,"column":2}},{"start":{},"end":{}}],"line":111},"20":{"loc":{"start":{"line":124,"column":1},"end":{"line":129,"column":2}},"type":"if","locations":[{"start":{"line":124,"column":1},"end":{"line":129,"column":2}},{"start":{},"end":{}}],"line":124},"21":{"loc":{"start":{"line":131,"column":1},"end":{"line":136,"column":2}},"type":"if","locations":[{"start":{"line":131,"column":1},"end":{"line":136,"column":2}},{"start":{},"end":{}}],"line":131},"22":{"loc":{"start":{"line":142,"column":27},"end":{"line":142,"column":37}},"type":"default-arg","locations":[{"start":{"line":142,"column":35},"end":{"line":142,"column":37}}],"line":142},"23":{"loc":{"start":{"line":142,"column":39},"end":{"line":142,"column":49}},"type":"default-arg","locations":[{"start":{"line":142,"column":48},"end":{"line":142,"column":49}}],"line":142},"24":{"loc":{"start":{"line":149,"column":1},"end":{"line":154,"column":2}},"type":"if","locations":[{"start":{"line":149,"column":1},"end":{"line":154,"column":2}},{"start":{},"end":{}}],"line":149},"25":{"loc":{"start":{"line":156,"column":1},"end":{"line":161,"column":2}},"type":"if","locations":[{"start":{"line":156,"column":1},"end":{"line":161,"column":2}},{"start":{},"end":{}}],"line":156},"26":{"loc":{"start":{"line":163,"column":1},"end":{"line":168,"column":2}},"type":"if","locations":[{"start":{"line":163,"column":1},"end":{"line":168,"column":2}},{"start":{},"end":{}}],"line":163}},"s":{"0":0,"1":0,"2":0,"3":0,"4":0,"5":0,"6":0,"7":0,"8":0,"9":0,"10":0,"11":0,"12":0,"13":0,"14":0,"15":0,"16":0,"17":0,"18":0,"19":0,"20":0,"21":0,"22":0,"23":0,"24":0,"25":0,"26":0,"27":0,"28":0,"29":0,"30":0,"31":0,"32":0,"33":0,"34":0,"35":0,"36":0,"37":0,"38":0,"39":0,"40":0,"41":0,"42":0,"43":0,"44":0,"45":0,"46":0,"47":0,"48":0,"49":0,"50":0,"51":0,"52":0,"53":0,"54":0,"55":0,"56":0,"57":0,"58":0,"59":0},"f":{"0":0,"1":0,"2":0,"3":0,"4":0,"5":0,"6":0,"7":0,"8":0,"9":0},"b":{"0":[0,0],"1":[0,0],"2":[0,0],"3":[0,0],"4":[0,0],"5":[0,0],"6":[0,0],"7":[0,0],"8":[0,0],"9":[0,0],"10":[0,0],"11":[0,0],"12":[0,0],"13":[0,0],"14":[0],"15":[0],"16":[0],"17":[0],"18":[0,0],"19":[0,0],"20":[0,0],"21":[0,0],"22":[0],"23":[0],"24":[0,0],"25":[0,0],"26":[0,0]}}
,"C:\\Users\\Keino\\Downloads\\KB CLEAN\\KB-CLEAN-VER\\BACKEND\\server\\src\\store\\userStore.js": {"path":"C:\\Users\\Keino\\Downloads\\KB CLEAN\\KB-CLEAN-VER\\BACKEND\\server\\src\\store\\userStore.js","statementMap":{"0":{"start":{"line":1,"column":14},"end":{"line":1,"column":39}},"1":{"start":{"line":6,"column":1},"end":{"line":17,"column":2}},"2":{"start":{"line":7,"column":2},"end":{"line":16,"column":5}},"3":{"start":{"line":18,"column":1},"end":{"line":18,"column":13}},"4":{"start":{"line":22,"column":1},"end":{"line":22,"column":23}},"5":{"start":{"line":22,"column":11},"end":{"line":22,"column":23}},"6":{"start":{"line":24,"column":1},"end":{"line":33,"column":3}},"7":{"start":{"line":41,"column":12},"end":{"line":41,"column":27}},"8":{"start":{"line":42,"column":16},"end":{"line":48,"column":2}},"9":{"start":{"line":49,"column":1},"end":{"line":49,"column":25}},"10":{"start":{"line":53,"column":12},"end":{"line":53,"column":27}},"11":{"start":{"line":54,"column":16},"end":{"line":60,"column":2}},"12":{"start":{"line":61,"column":1},"end":{"line":61,"column":25}},"13":{"start":{"line":65,"column":12},"end":{"line":65,"column":27}},"14":{"start":{"line":67,"column":18},"end":{"line":71,"column":2}},"15":{"start":{"line":73,"column":1},"end":{"line":73,"column":34}},"16":{"start":{"line":76,"column":0},"end":{"line":81,"column":2}}},"fnMap":{"0":{"name":"getPool","decl":{"start":{"line":5,"column":15},"end":{"line":5,"column":22}},"loc":{"start":{"line":5,"column":25},"end":{"line":19,"column":1}},"line":5},"1":{"name":"mapUser","decl":{"start":{"line":21,"column":9},"end":{"line":21,"column":16}},"loc":{"start":{"line":21,"column":22},"end":{"line":34,"column":1}},"line":21},"2":{"name":"initStore","decl":{"start":{"line":36,"column":15},"end":{"line":36,"column":24}},"loc":{"start":{"line":36,"column":27},"end":{"line":38,"column":1}},"line":36},"3":{"name":"findByEmail","decl":{"start":{"line":40,"column":15},"end":{"line":40,"column":26}},"loc":{"start":{"line":40,"column":34},"end":{"line":50,"column":1}},"line":40},"4":{"name":"findById","decl":{"start":{"line":52,"column":15},"end":{"line":52,"column":23}},"loc":{"start":{"line":52,"column":28},"end":{"line":62,"column":1}},"line":52},"5":{"name":"createLocalUser","decl":{"start":{"line":64,"column":15},"end":{"line":64,"column":30}},"loc":{"start":{"line":64,"column":77},"end":{"line":74,"column":1}},"line":64}},"branchMap":{"0":{"loc":{"start":{"line":6,"column":1},"end":{"line":17,"column":2}},"type":"if","locations":[{"start":{"line":6,"column":1},"end":{"line":17,"column":2}},{"start":{},"end":{}}],"line":6},"1":{"loc":{"start":{"line":8,"column":9},"end":{"line":8,"column":43}},"type":"binary-expr","locations":[{"start":{"line":8,"column":9},"end":{"line":8,"column":28}},{"start":{"line":8,"column":32},"end":{"line":8,"column":43}}],"line":8},"2":{"loc":{"start":{"line":9,"column":16},"end":{"line":9,"column":43}},"type":"binary-expr","locations":[{"start":{"line":9,"column":16},"end":{"line":9,"column":35}},{"start":{"line":9,"column":39},"end":{"line":9,"column":43}}],"line":9},"3":{"loc":{"start":{"line":10,"column":9},"end":{"line":10,"column":38}},"type":"binary-expr","locations":[{"start":{"line":10,"column":9},"end":{"line":10,"column":28}},{"start":{"line":10,"column":32},"end":{"line":10,"column":38}}],"line":10},"4":{"loc":{"start":{"line":11,"column":13},"end":{"line":11,"column":42}},"type":"binary-expr","locations":[{"start":{"line":11,"column":13},"end":{"line":11,"column":36}},{"start":{"line":11,"column":40},"end":{"line":11,"column":42}}],"line":11},"5":{"loc":{"start":{"line":12,"column":13},"end":{"line":12,"column":51}},"type":"binary-expr","locations":[{"start":{"line":12,"column":13},"end":{"line":12,"column":32}},{"start":{"line":12,"column":36},"end":{"line":12,"column":51}}],"line":12},"6":{"loc":{"start":{"line":22,"column":1},"end":{"line":22,"column":23}},"type":"if","locations":[{"start":{"line":22,"column":1},"end":{"line":22,"column":23}},{"start":{},"end":{}}],"line":22},"7":{"loc":{"start":{"line":26,"column":13},"end":{"line":26,"column":33}},"type":"binary-expr","locations":[{"start":{"line":26,"column":13},"end":{"line":26,"column":27}},{"start":{"line":26,"column":31},"end":{"line":26,"column":33}}],"line":26},"8":{"loc":{"start":{"line":27,"column":12},"end":{"line":27,"column":31}},"type":"binary-expr","locations":[{"start":{"line":27,"column":12},"end":{"line":27,"column":25}},{"start":{"line":27,"column":29},"end":{"line":27,"column":31}}],"line":27},"9":{"loc":{"start":{"line":28,"column":15},"end":{"line":28,"column":35}},"type":"binary-expr","locations":[{"start":{"line":28,"column":15},"end":{"line":28,"column":29}},{"start":{"line":28,"column":33},"end":{"line":28,"column":35}}],"line":28},"10":{"loc":{"start":{"line":28,"column":39},"end":{"line":28,"column":58}},"type":"binary-expr","locations":[{"start":{"line":28,"column":39},"end":{"line":28,"column":52}},{"start":{"line":28,"column":56},"end":{"line":28,"column":58}}],"line":28},"11":{"loc":{"start":{"line":70,"column":10},"end":{"line":70,"column":25}},"type":"binary-expr","locations":[{"start":{"line":70,"column":10},"end":{"line":70,"column":19}},{"start":{"line":70,"column":23},"end":{"line":70,"column":25}}],"line":70},"12":{"loc":{"start":{"line":70,"column":42},"end":{"line":70,"column":56}},"type":"binary-expr","locations":[{"start":{"line":70,"column":42},"end":{"line":70,"column":50}},{"start":{"line":70,"column":54},"end":{"line":70,"column":56}}],"line":70},"13":{"loc":{"start":{"line":70,"column":73},"end":{"line":70,"column":84}},"type":"binary-expr","locations":[{"start":{"line":70,"column":73},"end":{"line":70,"column":78}},{"start":{"line":70,"column":82},"end":{"line":70,"column":84}}],"line":70}},"s":{"0":0,"1":0,"2":0,"3":0,"4":0,"5":0,"6":0,"7":0,"8":0,"9":0,"10":0,"11":0,"12":0,"13":0,"14":0,"15":0,"16":0},"f":{"0":0,"1":0,"2":0,"3":0,"4":0,"5":0},"b":{"0":[0,0],"1":[0,0],"2":[0,0],"3":[0,0],"4":[0,0],"5":[0,0],"6":[0,0],"7":[0,0],"8":[0,0],"9":[0,0],"10":[0,0],"11":[0,0],"12":[0,0],"13":[0,0]}}
,"C:\\Users\\Keino\\Downloads\\KB CLEAN\\KB-CLEAN-VER\\BACKEND\\server\\src\\utils\\constants.js": {"path":"C:\\Users\\Keino\\Downloads\\KB CLEAN\\KB-CLEAN-VER\\BACKEND\\server\\src\\utils\\constants.js","statementMap":{"0":{"start":{"line":1,"column":0},"end":{"line":6,"column":2}},"1":{"start":{"line":8,"column":0},"end":{"line":15,"column":2}},"2":{"start":{"line":17,"column":0},"end":{"line":22,"column":2}},"3":{"start":{"line":24,"column":0},"end":{"line":29,"column":2}},"4":{"start":{"line":31,"column":0},"end":{"line":36,"column":2}},"5":{"start":{"line":38,"column":0},"end":{"line":43,"column":2}},"6":{"start":{"line":45,"column":0},"end":{"line":50,"column":2}},"7":{"start":{"line":52,"column":0},"end":{"line":52,"column":70}},"8":{"start":{"line":53,"column":0},"end":{"line":53,"column":46}},"9":{"start":{"line":55,"column":0},"end":{"line":84,"column":2}},"10":{"start":{"line":86,"column":0},"end":{"line":97,"column":2}}},"fnMap":{},"branchMap":{},"s":{"0":0,"1":0,"2":0,"3":0,"4":0,"5":0,"6":0,"7":0,"8":0,"9":0,"10":0},"f":{},"b":{}}
,"C:\\Users\\Keino\\Downloads\\KB CLEAN\\KB-CLEAN-VER\\BACKEND\\server\\src\\utils\\validators.js": {"path":"C:\\Users\\Keino\\Downloads\\KB CLEAN\\KB-CLEAN-VER\\BACKEND\\server\\src\\utils\\validators.js","statementMap":{"0":{"start":{"line":1,"column":22},"end":{"line":4,"column":1}},"1":{"start":{"line":2,"column":20},"end":{"line":2,"column":48}},"2":{"start":{"line":3,"column":1},"end":{"line":3,"column":46}},"3":{"start":{"line":6,"column":25},"end":{"line":8,"column":1}},"4":{"start":{"line":7,"column":1},"end":{"line":7,"column":37}},"5":{"start":{"line":10,"column":31},"end":{"line":16,"column":1}},"6":{"start":{"line":11,"column":19},"end":{"line":11,"column":47}},"7":{"start":{"line":12,"column":22},"end":{"line":12,"column":44}},"8":{"start":{"line":13,"column":20},"end":{"line":13,"column":42}},"9":{"start":{"line":14,"column":25},"end":{"line":14,"column":54}},"10":{"start":{"line":15,"column":1},"end":{"line":15,"column":67}},"11":{"start":{"line":18,"column":23},"end":{"line":21,"column":1}},"12":{"start":{"line":19,"column":13},"end":{"line":19,"column":27}},"13":{"start":{"line":20,"column":1},"end":{"line":20,"column":31}},"14":{"start":{"line":23,"column":28},"end":{"line":26,"column":1}},"15":{"start":{"line":24,"column":20},"end":{"line":24,"column":36}},"16":{"start":{"line":25,"column":1},"end":{"line":25,"column":58}},"17":{"start":{"line":28,"column":23},"end":{"line":30,"column":1}},"18":{"start":{"line":29,"column":1},"end":{"line":29,"column":48}},"19":{"start":{"line":32,"column":31},"end":{"line":43,"column":1}},"20":{"start":{"line":33,"column":17},"end":{"line":33,"column":19}},"21":{"start":{"line":34,"column":1},"end":{"line":38,"column":4}},"22":{"start":{"line":35,"column":2},"end":{"line":37,"column":3}},"23":{"start":{"line":36,"column":3},"end":{"line":36,"column":23}},"24":{"start":{"line":39,"column":1},"end":{"line":42,"column":3}},"25":{"start":{"line":45,"column":0},"end":{"line":53,"column":2}}},"fnMap":{"0":{"name":"(anonymous_0)","decl":{"start":{"line":1,"column":22},"end":{"line":1,"column":23}},"loc":{"start":{"line":1,"column":33},"end":{"line":4,"column":1}},"line":1},"1":{"name":"(anonymous_1)","decl":{"start":{"line":6,"column":25},"end":{"line":6,"column":26}},"loc":{"start":{"line":6,"column":39},"end":{"line":8,"column":1}},"line":6},"2":{"name":"(anonymous_2)","decl":{"start":{"line":10,"column":31},"end":{"line":10,"column":32}},"loc":{"start":{"line":10,"column":45},"end":{"line":16,"column":1}},"line":10},"3":{"name":"(anonymous_3)","decl":{"start":{"line":18,"column":23},"end":{"line":18,"column":24}},"loc":{"start":{"line":18,"column":35},"end":{"line":21,"column":1}},"line":18},"4":{"name":"(anonymous_4)","decl":{"start":{"line":23,"column":28},"end":{"line":23,"column":29}},"loc":{"start":{"line":23,"column":39},"end":{"line":26,"column":1}},"line":23},"5":{"name":"(anonymous_5)","decl":{"start":{"line":28,"column":23},"end":{"line":28,"column":24}},"loc":{"start":{"line":28,"column":32},"end":{"line":30,"column":1}},"line":28},"6":{"name":"(anonymous_6)","decl":{"start":{"line":32,"column":31},"end":{"line":32,"column":32}},"loc":{"start":{"line":32,"column":48},"end":{"line":43,"column":1}},"line":32},"7":{"name":"(anonymous_7)","decl":{"start":{"line":34,"column":16},"end":{"line":34,"column":17}},"loc":{"start":{"line":34,"column":25},"end":{"line":38,"column":2}},"line":34}},"branchMap":{"0":{"loc":{"start":{"line":15,"column":8},"end":{"line":15,"column":66}},"type":"binary-expr","locations":[{"start":{"line":15,"column":8},"end":{"line":15,"column":17}},{"start":{"line":15,"column":21},"end":{"line":15,"column":33}},{"start":{"line":15,"column":37},"end":{"line":15,"column":47}},{"start":{"line":15,"column":51},"end":{"line":15,"column":66}}],"line":15},"1":{"loc":{"start":{"line":20,"column":8},"end":{"line":20,"column":30}},"type":"binary-expr","locations":[{"start":{"line":20,"column":8},"end":{"line":20,"column":19}},{"start":{"line":20,"column":23},"end":{"line":20,"column":30}}],"line":20},"2":{"loc":{"start":{"line":35,"column":2},"end":{"line":37,"column":3}},"type":"if","locations":[{"start":{"line":35,"column":2},"end":{"line":37,"column":3}},{"start":{},"end":{}}],"line":35},"3":{"loc":{"start":{"line":35,"column":6},"end":{"line":35,"column":75}},"type":"binary-expr","locations":[{"start":{"line":35,"column":6},"end":{"line":35,"column":17}},{"start":{"line":35,"column":22},"end":{"line":35,"column":52}},{"start":{"line":35,"column":56},"end":{"line":35,"column":74}}],"line":35}},"s":{"0":1,"1":4,"2":4,"3":1,"4":2,"5":1,"6":0,"7":0,"8":0,"9":0,"10":0,"11":1,"12":4,"13":4,"14":1,"15":0,"16":0,"17":1,"18":0,"19":1,"20":0,"21":0,"22":0,"23":0,"24":0,"25":1},"f":{"0":4,"1":2,"2":0,"3":4,"4":0,"5":0,"6":0,"7":0},"b":{"0":[0,0,0,0],"1":[4,4],"2":[0,0],"3":[0,0,0]},"_coverageSchema":"1a1c01bbd47fc00a2c39e90264f33305004495a9","hash":"043c2b3882af5821a8fcf4a4482934a899ef3aeb"}
}
