TN:
SF:src\database.js
FN:6,getPool
FN:22,query
FN:27,execute
FNF:3
FNH:0
FNDA:0,getPool
FNDA:0,query
FNDA:0,execute
DA:1,0
DA:2,0
DA:7,0
DA:8,0
DA:19,0
DA:23,0
DA:24,0
DA:28,0
DA:29,0
DA:32,0
LF:10
LH:0
BRDA:7,0,0,0
BRDA:7,0,1,0
BRDA:22,1,0,0
BRDA:27,2,0,0
BRF:4
BRH:0
end_of_record
TN:
SF:src\swagger.js
FNF:0
FNH:0
LF:0
LH:0
BRF:0
BRH:0
end_of_record
TN:
SF:src\auth\passport.js
FN:1,configurePassport
FNF:1
FNH:0
FNDA:0,configurePassport
DA:2,0
DA:5,0
LF:2
LH:0
BRF:0
BRH:0
end_of_record
TN:
SF:src\controllers\adminController.js
FN:3,getAllUsers
FN:13,updateUserRole
FN:31,deleteUser
FN:43,getActivityLogs
FN:61,getMyActivityLogs
FN:71,getActivityLog
FNF:6
FNH:0
FNDA:0,getAllUsers
FNDA:0,updateUserRole
FNDA:0,deleteUser
FNDA:0,getActivityLogs
FNDA:0,getMyActivityLogs
FNDA:0,getActivityLog
DA:1,0
DA:4,0
DA:5,0
DA:6,0
DA:7,0
DA:9,0
DA:14,0
DA:15,0
DA:16,0
DA:18,0
DA:19,0
DA:22,0
DA:23,0
DA:25,0
DA:27,0
DA:32,0
DA:33,0
DA:34,0
DA:35,0
DA:37,0
DA:39,0
DA:44,0
DA:45,0
DA:47,0
DA:48,0
DA:49,0
DA:50,0
DA:51,0
DA:52,0
DA:54,0
DA:55,0
DA:57,0
DA:62,0
DA:63,0
DA:64,0
DA:65,0
DA:67,0
DA:72,0
DA:73,0
DA:74,0
DA:75,0
DA:77,0
DA:81,0
LF:43
LH:0
BRDA:5,0,0,0
BRDA:5,1,0,0
BRDA:16,2,0,0
BRDA:16,2,1,0
BRDA:18,3,0,0
BRDA:18,3,1,0
BRDA:22,4,0,0
BRDA:22,4,1,0
BRDA:34,5,0,0
BRDA:34,5,1,0
BRDA:45,6,0,0
BRDA:45,7,0,0
BRDA:48,8,0,0
BRDA:48,8,1,0
BRDA:49,9,0,0
BRDA:49,9,1,0
BRDA:50,10,0,0
BRDA:50,10,1,0
BRDA:51,11,0,0
BRDA:51,11,1,0
BRDA:52,12,0,0
BRDA:52,12,1,0
BRDA:63,13,0,0
BRDA:63,14,0,0
BRF:24
BRH:0
end_of_record
TN:
SF:src\controllers\authController.js
FN:6,toPublicUser
FN:18,signup
FN:54,signin
FN:79,getMe
FN:87,(anonymous_4)
FN:97,logout
FN:98,(anonymous_6)
FNF:7
FNH:0
FNDA:0,toPublicUser
FNDA:0,signup
FNDA:0,signin
FNDA:0,getMe
FNDA:0,(anonymous_4)
FNDA:0,logout
FNDA:0,(anonymous_6)
DA:1,0
DA:2,0
DA:3,0
DA:4,0
DA:7,0
DA:19,0
DA:20,0
DA:22,0
DA:23,0
DA:26,0
DA:27,0
DA:30,0
DA:31,0
DA:34,0
DA:35,0
DA:36,0
DA:39,0
DA:40,0
DA:47,0
DA:48,0
DA:50,0
DA:55,0
DA:56,0
DA:58,0
DA:59,0
DA:62,0
DA:63,0
DA:64,0
DA:67,0
DA:68,0
DA:69,0
DA:72,0
DA:73,0
DA:75,0
DA:80,0
DA:81,0
DA:82,0
DA:85,0
DA:86,0
DA:87,0
DA:88,0
DA:91,0
DA:93,0
DA:98,0
DA:99,0
DA:100,0
DA:104,0
LF:47
LH:0
BRDA:20,0,0,0
BRDA:20,0,1,0
BRDA:22,1,0,0
BRDA:22,1,1,0
BRDA:22,2,0,0
BRDA:22,2,1,0
BRDA:22,2,2,0
BRDA:22,2,3,0
BRDA:26,3,0,0
BRDA:26,3,1,0
BRDA:30,4,0,0
BRDA:30,4,1,0
BRDA:35,5,0,0
BRDA:35,5,1,0
BRDA:56,6,0,0
BRDA:56,6,1,0
BRDA:58,7,0,0
BRDA:58,7,1,0
BRDA:58,8,0,0
BRDA:58,8,1,0
BRDA:63,9,0,0
BRDA:63,9,1,0
BRDA:63,10,0,0
BRDA:63,10,1,0
BRDA:68,11,0,0
BRDA:68,11,1,0
BRDA:81,12,0,0
BRDA:81,12,1,0
BRDA:86,13,0,0
BRDA:86,13,1,0
BRF:30
BRH:0
end_of_record
TN:
SF:src\controllers\campaignController.js
FN:3,createCampaign
FN:26,listCampaigns
FN:42,getCampaign
FN:52,updateCampaign
FN:70,submitForApproval
FN:80,approveCampaign
FN:90,rejectCampaign
FN:101,deleteCampaign
FNF:8
FNH:0
FNDA:0,createCampaign
FNDA:0,listCampaigns
FNDA:0,getCampaign
FNDA:0,updateCampaign
FNDA:0,submitForApproval
FNDA:0,approveCampaign
FNDA:0,rejectCampaign
FNDA:0,deleteCampaign
DA:1,0
DA:4,0
DA:5,0
DA:7,0
DA:8,0
DA:11,0
DA:12,0
DA:15,0
DA:20,0
DA:22,0
DA:27,0
DA:28,0
DA:30,0
DA:31,0
DA:32,0
DA:33,0
DA:35,0
DA:36,0
DA:38,0
DA:43,0
DA:44,0
DA:45,0
DA:46,0
DA:48,0
DA:53,0
DA:54,0
DA:56,0
DA:58,0
DA:64,0
DA:66,0
DA:71,0
DA:72,0
DA:73,0
DA:74,0
DA:76,0
DA:81,0
DA:82,0
DA:83,0
DA:84,0
DA:86,0
DA:91,0
DA:92,0
DA:93,0
DA:94,0
DA:95,0
DA:97,0
DA:102,0
DA:103,0
DA:104,0
DA:105,0
DA:107,0
DA:111,0
LF:52
LH:0
BRDA:5,0,0,0
BRDA:5,0,1,0
BRDA:7,1,0,0
BRDA:7,1,1,0
BRDA:7,2,0,0
BRDA:7,2,1,0
BRDA:7,2,2,0
BRDA:7,2,3,0
BRDA:11,3,0,0
BRDA:11,3,1,0
BRDA:28,4,0,0
BRDA:28,5,0,0
BRDA:31,6,0,0
BRDA:31,6,1,0
BRDA:32,7,0,0
BRDA:32,7,1,0
BRDA:33,8,0,0
BRDA:33,8,1,0
BRDA:56,9,0,0
BRDA:56,9,1,0
BRDA:93,10,0,0
BRDA:93,10,1,0
BRF:22
BRH:0
end_of_record
TN:
SF:src\controllers\donationController.js
FN:3,createDonation
FN:18,getDonation
FN:28,getCampaignDonations
FN:45,getMyDonations
FN:61,getCampaignStats
FNF:5
FNH:0
FNDA:0,createDonation
FNDA:0,getDonation
FNDA:0,getCampaignDonations
FNDA:0,getMyDonations
FNDA:0,getCampaignStats
DA:1,0
DA:4,0
DA:5,0
DA:7,0
DA:12,0
DA:14,0
DA:19,0
DA:20,0
DA:21,0
DA:22,0
DA:24,0
DA:29,0
DA:30,0
DA:31,0
DA:33,0
DA:39,0
DA:41,0
DA:46,0
DA:47,0
DA:49,0
DA:55,0
DA:57,0
DA:62,0
DA:63,0
DA:64,0
DA:65,0
DA:67,0
DA:71,0
LF:28
LH:0
BRDA:5,0,0,0
BRDA:5,0,1,0
BRDA:31,1,0,0
BRDA:31,2,0,0
BRDA:47,3,0,0
BRDA:47,4,0,0
BRF:6
BRH:0
end_of_record
TN:
SF:src\controllers\ngoController.js
FN:3,createNgoProfile
FN:23,getNgoProfile
FN:33,getMyNgoProfile
FN:42,updateNgoProfile
FN:59,listNgos
FN:69,getPendingVerifications
FN:79,getVerifiedNgos
FN:89,verifyNgoProfile
FN:99,rejectNgoProfile
FN:109,deleteNgoProfile
FNF:10
FNH:0
FNDA:0,createNgoProfile
FNDA:0,getNgoProfile
FNDA:0,getMyNgoProfile
FNDA:0,updateNgoProfile
FNDA:0,listNgos
FNDA:0,getPendingVerifications
FNDA:0,getVerifiedNgos
FNDA:0,verifyNgoProfile
FNDA:0,rejectNgoProfile
FNDA:0,deleteNgoProfile
DA:1,0
DA:4,0
DA:6,0
DA:8,0
DA:9,0
DA:12,0
DA:17,0
DA:19,0
DA:24,0
DA:25,0
DA:26,0
DA:27,0
DA:29,0
DA:34,0
DA:35,0
DA:36,0
DA:38,0
DA:43,0
DA:44,0
DA:45,0
DA:47,0
DA:53,0
DA:55,0
DA:60,0
DA:61,0
DA:62,0
DA:63,0
DA:65,0
DA:70,0
DA:71,0
DA:72,0
DA:73,0
DA:75,0
DA:80,0
DA:81,0
DA:82,0
DA:83,0
DA:85,0
DA:90,0
DA:91,0
DA:92,0
DA:93,0
DA:95,0
DA:100,0
DA:101,0
DA:102,0
DA:103,0
DA:105,0
DA:110,0
DA:111,0
DA:112,0
DA:113,0
DA:115,0
DA:119,0
LF:54
LH:0
BRDA:6,0,0,0
BRDA:6,0,1,0
BRDA:8,1,0,0
BRDA:8,1,1,0
BRDA:8,2,0,0
BRDA:8,2,1,0
BRDA:45,3,0,0
BRDA:45,3,1,0
BRDA:61,4,0,0
BRDA:61,5,0,0
BRDA:71,6,0,0
BRDA:71,7,0,0
BRDA:81,8,0,0
BRDA:81,9,0,0
BRF:14
BRH:0
end_of_record
TN:
SF:src\middleware\auth.js
FN:4,authMiddleware
FN:12,(anonymous_1)
FNF:2
FNH:0
FNDA:0,authMiddleware
FNDA:0,(anonymous_1)
DA:1,0
DA:2,0
DA:5,0
DA:6,0
DA:7,0
DA:10,0
DA:11,0
DA:12,0
DA:13,0
DA:16,0
DA:17,0
DA:19,0
DA:23,0
LF:13
LH:0
BRDA:6,0,0,0
BRDA:6,0,1,0
BRDA:6,1,0,0
BRDA:6,1,1,0
BRDA:11,2,0,0
BRDA:11,2,1,0
BRF:6
BRH:0
end_of_record
TN:
SF:src\middleware\authorize.js
FN:3,authorizeRoles
FN:4,(anonymous_1)
FN:17,authorizePermission
FN:18,(anonymous_3)
FNF:4
FNH:0
FNDA:0,authorizeRoles
FNDA:0,(anonymous_1)
FNDA:0,authorizePermission
FNDA:0,(anonymous_3)
DA:1,0
DA:4,0
DA:5,0
DA:6,0
DA:9,0
DA:10,0
DA:13,0
DA:18,0
DA:19,0
DA:20,0
DA:23,0
DA:24,0
DA:26,0
DA:27,0
DA:30,0
DA:34,0
LF:16
LH:0
BRDA:5,0,0,0
BRDA:5,0,1,0
BRDA:9,1,0,0
BRDA:9,1,1,0
BRDA:19,2,0,0
BRDA:19,2,1,0
BRDA:23,3,0,0
BRDA:23,3,1,0
BRDA:24,4,0,0
BRDA:24,4,1,0
BRDA:26,5,0,0
BRDA:26,5,1,0
BRF:12
BRH:0
end_of_record
TN:
SF:src\middleware\errorHandler.js
FN:1,errorHandler
FNF:1
FNH:0
FNDA:0,errorHandler
DA:2,0
DA:4,0
DA:5,0
DA:11,0
DA:12,0
DA:17,0
DA:18,0
DA:23,0
DA:24,0
DA:29,0
DA:36,0
LF:11
LH:0
BRDA:4,0,0,0
BRDA:4,0,1,0
BRDA:7,1,0,0
BRDA:7,1,1,0
BRDA:11,2,0,0
BRDA:11,2,1,0
BRDA:13,3,0,0
BRDA:13,3,1,0
BRDA:17,4,0,0
BRDA:17,4,1,0
BRDA:23,5,0,0
BRDA:23,5,1,0
BRDA:30,6,0,0
BRDA:30,6,1,0
BRDA:32,7,0,0
BRDA:32,7,1,0
BRF:16
BRH:0
end_of_record
TN:
SF:src\middleware\rateLimiter.js
FNF:0
FNH:0
DA:1,0
DA:3,0
DA:11,0
DA:18,0
DA:24,0
LF:5
LH:0
BRF:0
BRH:0
end_of_record
TN:
SF:src\middleware\validate.js
FN:3,validateRequest
FN:4,(anonymous_1)
FNF:2
FNH:0
FNDA:0,validateRequest
FNDA:0,(anonymous_1)
DA:1,0
DA:4,0
DA:5,0
DA:6,0
DA:8,0
DA:9,0
DA:14,0
DA:18,0
LF:8
LH:0
BRDA:5,0,0,0
BRDA:5,0,1,0
BRDA:8,1,0,0
BRDA:8,1,1,0
BRF:4
BRH:0
end_of_record
TN:
SF:src\models\activityLogModel.js
FN:3,mapActivityLog
FN:19,createActivityLogsTable
FN:40,findById
FN:48,findByAdminId
FN:59,findAll
FN:95,create
FN:112,delete_
FNF:7
FNH:0
FNDA:0,mapActivityLog
FNDA:0,createActivityLogsTable
FNDA:0,findById
FNDA:0,findByAdminId
FNDA:0,findAll
FNDA:0,create
FNDA:0,delete_
DA:1,0
DA:4,0
DA:6,0
DA:20,0
DA:41,0
DA:45,0
DA:49,0
DA:56,0
DA:60,0
DA:61,0
DA:63,0
DA:64,0
DA:65,0
DA:68,0
DA:69,0
DA:70,0
DA:73,0
DA:74,0
DA:75,0
DA:78,0
DA:79,0
DA:80,0
DA:83,0
DA:84,0
DA:85,0
DA:88,0
DA:89,0
DA:91,0
DA:92,0
DA:96,0
DA:109,0
DA:113,0
DA:114,0
DA:117,0
LF:34
LH:0
BRDA:4,0,0,0
BRDA:4,0,1,0
BRDA:13,1,0,0
BRDA:13,1,1,0
BRDA:48,2,0,0
BRDA:48,3,0,0
BRDA:59,4,0,0
BRDA:59,5,0,0
BRDA:59,6,0,0
BRDA:63,7,0,0
BRDA:63,7,1,0
BRDA:68,8,0,0
BRDA:68,8,1,0
BRDA:73,9,0,0
BRDA:73,9,1,0
BRDA:78,10,0,0
BRDA:78,10,1,0
BRDA:83,11,0,0
BRDA:83,11,1,0
BRDA:103,12,0,0
BRDA:103,12,1,0
BRDA:104,13,0,0
BRDA:104,13,1,0
BRDA:105,14,0,0
BRDA:105,14,1,0
BRDA:106,15,0,0
BRDA:106,15,1,0
BRF:27
BRH:0
end_of_record
TN:
SF:src\models\campaignModel.js
FN:4,mapCampaign
FN:25,createCampaignsTable
FN:52,findById
FN:60,findByStatus
FN:71,findByNgoId
FN:82,findAll
FN:114,create
FN:131,update
FN:172,updateAmount
FN:179,delete_
FNF:10
FNH:0
FNDA:0,mapCampaign
FNDA:0,createCampaignsTable
FNDA:0,findById
FNDA:0,findByStatus
FNDA:0,findByNgoId
FNDA:0,findAll
FNDA:0,create
FNDA:0,update
FNDA:0,updateAmount
FNDA:0,delete_
DA:1,0
DA:2,0
DA:5,0
DA:7,0
DA:26,0
DA:53,0
DA:57,0
DA:61,0
DA:68,0
DA:72,0
DA:79,0
DA:83,0
DA:84,0
DA:86,0
DA:87,0
DA:88,0
DA:91,0
DA:92,0
DA:93,0
DA:96,0
DA:97,0
DA:98,0
DA:101,0
DA:102,0
DA:103,0
DA:104,0
DA:107,0
DA:108,0
DA:110,0
DA:111,0
DA:115,0
DA:128,0
DA:132,0
DA:133,0
DA:135,0
DA:136,0
DA:137,0
DA:139,0
DA:140,0
DA:141,0
DA:143,0
DA:144,0
DA:145,0
DA:147,0
DA:148,0
DA:149,0
DA:151,0
DA:152,0
DA:153,0
DA:155,0
DA:156,0
DA:157,0
DA:159,0
DA:160,0
DA:161,0
DA:164,0
DA:166,0
DA:167,0
DA:168,0
DA:169,0
DA:173,0
DA:180,0
DA:181,0
DA:184,0
LF:64
LH:0
BRDA:5,0,0,0
BRDA:5,0,1,0
BRDA:13,1,0,0
BRDA:13,1,1,0
BRDA:60,2,0,0
BRDA:60,3,0,0
BRDA:71,4,0,0
BRDA:71,5,0,0
BRDA:82,6,0,0
BRDA:82,7,0,0
BRDA:82,8,0,0
BRDA:86,9,0,0
BRDA:86,9,1,0
BRDA:91,10,0,0
BRDA:91,10,1,0
BRDA:96,11,0,0
BRDA:96,11,1,0
BRDA:101,12,0,0
BRDA:101,12,1,0
BRDA:125,13,0,0
BRDA:125,13,1,0
BRDA:135,14,0,0
BRDA:135,14,1,0
BRDA:139,15,0,0
BRDA:139,15,1,0
BRDA:143,16,0,0
BRDA:143,16,1,0
BRDA:147,17,0,0
BRDA:147,17,1,0
BRDA:151,18,0,0
BRDA:151,18,1,0
BRDA:155,19,0,0
BRDA:155,19,1,0
BRDA:159,20,0,0
BRDA:159,20,1,0
BRDA:164,21,0,0
BRDA:164,21,1,0
BRF:37
BRH:0
end_of_record
TN:
SF:src\models\donationModel.js
FN:4,mapDonation
FN:20,createDonationsTable
FN:42,findById
FN:50,findByCampaignId
FN:61,findByDonorId
FN:72,create
FN:87,updateStatus
FN:102,getCampaignStats
FN:116,delete_
FNF:9
FNH:0
FNDA:0,mapDonation
FNDA:0,createDonationsTable
FNDA:0,findById
FNDA:0,findByCampaignId
FNDA:0,findByDonorId
FNDA:0,create
FNDA:0,updateStatus
FNDA:0,getCampaignStats
FNDA:0,delete_
DA:1,0
DA:2,0
DA:5,0
DA:7,0
DA:21,0
DA:43,0
DA:47,0
DA:51,0
DA:58,0
DA:62,0
DA:69,0
DA:73,0
DA:84,0
DA:88,0
DA:89,0
DA:91,0
DA:92,0
DA:93,0
DA:96,0
DA:97,0
DA:98,0
DA:99,0
DA:103,0
DA:110,0
DA:117,0
DA:118,0
DA:121,0
LF:27
LH:0
BRDA:5,0,0,0
BRDA:5,0,1,0
BRDA:50,1,0,0
BRDA:50,2,0,0
BRDA:61,3,0,0
BRDA:61,4,0,0
BRDA:81,5,0,0
BRDA:81,5,1,0
BRDA:87,6,0,0
BRDA:91,7,0,0
BRDA:91,7,1,0
BRDA:111,8,0,0
BRDA:111,8,1,0
BRDA:112,9,0,0
BRDA:112,9,1,0
BRF:15
BRH:0
end_of_record
TN:
SF:src\models\ngoModel.js
FN:4,mapNgo
FN:24,createNgoProfilesTable
FN:49,findById
FN:57,findByUserId
FN:65,findByVerificationStatus
FN:76,findAll
FN:86,create
FN:103,update
FN:140,updateVerificationStatus
FN:149,delete_
FNF:10
FNH:0
FNDA:0,mapNgo
FNDA:0,createNgoProfilesTable
FNDA:0,findById
FNDA:0,findByUserId
FNDA:0,findByVerificationStatus
FNDA:0,findAll
FNDA:0,create
FNDA:0,update
FNDA:0,updateVerificationStatus
FNDA:0,delete_
DA:1,0
DA:2,0
DA:5,0
DA:7,0
DA:25,0
DA:50,0
DA:54,0
DA:58,0
DA:62,0
DA:66,0
DA:73,0
DA:77,0
DA:83,0
DA:87,0
DA:100,0
DA:104,0
DA:105,0
DA:107,0
DA:108,0
DA:109,0
DA:111,0
DA:112,0
DA:113,0
DA:115,0
DA:116,0
DA:117,0
DA:119,0
DA:120,0
DA:121,0
DA:123,0
DA:124,0
DA:125,0
DA:127,0
DA:128,0
DA:129,0
DA:132,0
DA:134,0
DA:135,0
DA:136,0
DA:137,0
DA:141,0
DA:142,0
DA:146,0
DA:150,0
DA:151,0
DA:154,0
LF:46
LH:0
BRDA:5,0,0,0
BRDA:5,0,1,0
BRDA:65,1,0,0
BRDA:65,2,0,0
BRDA:76,3,0,0
BRDA:76,4,0,0
BRDA:93,5,0,0
BRDA:93,5,1,0
BRDA:94,6,0,0
BRDA:94,6,1,0
BRDA:95,7,0,0
BRDA:95,7,1,0
BRDA:96,8,0,0
BRDA:96,8,1,0
BRDA:107,9,0,0
BRDA:107,9,1,0
BRDA:111,10,0,0
BRDA:111,10,1,0
BRDA:115,11,0,0
BRDA:115,11,1,0
BRDA:119,12,0,0
BRDA:119,12,1,0
BRDA:123,13,0,0
BRDA:123,13,1,0
BRDA:127,14,0,0
BRDA:127,14,1,0
BRDA:132,15,0,0
BRDA:132,15,1,0
BRDA:141,16,0,0
BRDA:141,16,1,0
BRF:30
BRH:0
end_of_record
TN:
SF:src\models\userModel.js
FN:3,mapUser
FN:18,createUsersTable
FN:23,findByEmail
FN:34,findById
FN:45,createUser
FN:54,findAll
FN:65,updateRole
FN:73,delete_
FNF:8
FNH:0
FNDA:0,mapUser
FNDA:0,createUsersTable
FNDA:0,findByEmail
FNDA:0,findById
FNDA:0,createUser
FNDA:0,findAll
FNDA:0,updateRole
FNDA:0,delete_
DA:1,0
DA:4,0
DA:6,0
DA:24,0
DA:31,0
DA:35,0
DA:42,0
DA:46,0
DA:51,0
DA:55,0
DA:62,0
DA:66,0
DA:70,0
DA:74,0
DA:75,0
DA:78,0
LF:16
LH:0
BRDA:4,0,0,0
BRDA:4,0,1,0
BRDA:8,1,0,0
BRDA:8,1,1,0
BRDA:9,2,0,0
BRDA:9,2,1,0
BRDA:10,3,0,0
BRDA:10,3,1,0
BRDA:10,4,0,0
BRDA:10,4,1,0
BRDA:49,5,0,0
BRDA:49,5,1,0
BRDA:49,6,0,0
BRDA:49,6,1,0
BRDA:49,7,0,0
BRDA:49,7,1,0
BRDA:54,8,0,0
BRDA:54,9,0,0
BRF:18
BRH:0
end_of_record
TN:
SF:src\routes\adminRoutes.js
FNF:0
FNH:0
DA:1,0
DA:2,0
DA:3,0
DA:4,0
DA:6,0
DA:8,0
DA:9,0
DA:10,0
DA:12,0
DA:13,0
DA:14,0
DA:16,0
LF:12
LH:0
BRF:0
BRH:0
end_of_record
TN:
SF:src\routes\authRoutes.js
FN:11,(anonymous_0)
FN:15,(anonymous_1)
FNF:2
FNH:0
FNDA:0,(anonymous_0)
FNDA:0,(anonymous_1)
DA:1,0
DA:2,0
DA:3,0
DA:4,0
DA:6,0
DA:7,0
DA:8,0
DA:9,0
DA:11,0
DA:12,0
DA:15,0
DA:16,0
DA:19,0
LF:13
LH:0
BRF:0
BRH:0
end_of_record
TN:
SF:src\routes\campaignRoutes.js
FNF:0
FNH:0
DA:1,0
DA:2,0
DA:3,0
DA:4,0
DA:6,0
DA:8,0
DA:9,0
DA:10,0
DA:11,0
DA:12,0
DA:13,0
DA:14,0
DA:15,0
DA:17,0
LF:14
LH:0
BRF:0
BRH:0
end_of_record
TN:
SF:src\routes\donationRoutes.js
FNF:0
FNH:0
DA:1,0
DA:2,0
DA:3,0
DA:5,0
DA:7,0
DA:8,0
DA:9,0
DA:10,0
DA:11,0
DA:13,0
LF:10
LH:0
BRF:0
BRH:0
end_of_record
TN:
SF:src\routes\ngoRoutes.js
FNF:0
FNH:0
DA:1,0
DA:2,0
DA:3,0
DA:4,0
DA:6,0
DA:8,0
DA:9,0
DA:10,0
DA:11,0
DA:12,0
DA:13,0
DA:14,0
DA:16,0
DA:17,0
DA:18,0
DA:20,0
LF:16
LH:0
BRF:0
BRH:0
end_of_record
TN:
SF:src\services\adminService.js
FN:4,getAllUsers
FN:9,updateUserRole
FN:34,deleteUserAccount
FN:57,logActivity
FN:69,getActivityLogs
FN:73,getAdminActivityLogs
FN:77,getActivityLog
FNF:7
FNH:0
FNDA:0,getAllUsers
FNDA:0,updateUserRole
FNDA:0,deleteUserAccount
FNDA:0,logActivity
FNDA:0,getActivityLogs
FNDA:0,getAdminActivityLogs
FNDA:0,getActivityLog
DA:1,0
DA:2,0
DA:5,0
DA:6,0
DA:10,0
DA:11,0
DA:12,0
DA:18,0
DA:19,0
DA:21,0
DA:31,0
DA:35,0
DA:36,0
DA:37,0
DA:43,0
DA:45,0
DA:54,0
DA:58,0
DA:70,0
DA:74,0
DA:78,0
DA:79,0
DA:80,0
DA:85,0
DA:88,0
LF:25
LH:0
BRDA:4,0,0,0
BRDA:4,1,0,0
BRDA:11,2,0,0
BRDA:11,2,1,0
BRDA:36,3,0,0
BRDA:36,3,1,0
BRDA:69,4,0,0
BRDA:69,5,0,0
BRDA:69,6,0,0
BRDA:73,7,0,0
BRDA:73,8,0,0
BRDA:79,9,0,0
BRDA:79,9,1,0
BRF:13
BRH:0
end_of_record
TN:
SF:src\services\campaignService.js
FN:5,createCampaign
FN:21,getCampaignDetail
FN:32,listCampaigns
FN:37,updateCampaign
FN:66,approveCampaign
FN:86,rejectCampaign
FN:106,submitForApproval
FN:133,deleteCampaign
FNF:8
FNH:0
FNDA:0,createCampaign
FNDA:0,getCampaignDetail
FNDA:0,listCampaigns
FNDA:0,updateCampaign
FNDA:0,approveCampaign
FNDA:0,rejectCampaign
FNDA:0,submitForApproval
FNDA:0,deleteCampaign
DA:1,0
DA:2,0
DA:3,0
DA:6,0
DA:8,0
DA:18,0
DA:22,0
DA:23,0
DA:24,0
DA:29,0
DA:33,0
DA:34,0
DA:38,0
DA:39,0
DA:40,0
DA:46,0
DA:47,0
DA:53,0
DA:54,0
DA:55,0
DA:56,0
DA:57,0
DA:58,0
DA:59,0
DA:60,0
DA:62,0
DA:63,0
DA:67,0
DA:68,0
DA:69,0
DA:75,0
DA:76,0
DA:82,0
DA:83,0
DA:87,0
DA:88,0
DA:89,0
DA:95,0
DA:96,0
DA:102,0
DA:103,0
DA:107,0
DA:108,0
DA:109,0
DA:115,0
DA:116,0
DA:122,0
DA:123,0
DA:129,0
DA:130,0
DA:134,0
DA:135,0
DA:136,0
DA:142,0
DA:143,0
DA:149,0
DA:150,0
DA:156,0
DA:157,0
DA:160,0
LF:60
LH:0
BRDA:23,0,0,0
BRDA:23,0,1,0
BRDA:32,1,0,0
BRDA:32,2,0,0
BRDA:32,3,0,0
BRDA:39,4,0,0
BRDA:39,4,1,0
BRDA:46,5,0,0
BRDA:46,5,1,0
BRDA:46,6,0,0
BRDA:46,6,1,0
BRDA:54,7,0,0
BRDA:54,7,1,0
BRDA:55,8,0,0
BRDA:55,8,1,0
BRDA:56,9,0,0
BRDA:56,9,1,0
BRDA:57,10,0,0
BRDA:57,10,1,0
BRDA:58,11,0,0
BRDA:58,11,1,0
BRDA:59,12,0,0
BRDA:59,12,1,0
BRDA:60,13,0,0
BRDA:60,13,1,0
BRDA:68,14,0,0
BRDA:68,14,1,0
BRDA:75,15,0,0
BRDA:75,15,1,0
BRDA:86,16,0,0
BRDA:88,17,0,0
BRDA:88,17,1,0
BRDA:95,18,0,0
BRDA:95,18,1,0
BRDA:108,19,0,0
BRDA:108,19,1,0
BRDA:115,20,0,0
BRDA:115,20,1,0
BRDA:122,21,0,0
BRDA:122,21,1,0
BRDA:135,22,0,0
BRDA:135,22,1,0
BRDA:142,23,0,0
BRDA:142,23,1,0
BRDA:149,24,0,0
BRDA:149,24,1,0
BRF:46
BRH:0
end_of_record
TN:
SF:src\services\donationService.js
FN:5,createDonation
FN:39,getDonationDetail
FN:58,getDonationsByCampaign
FN:63,getDonationsByDonor
FN:68,processDonation
FN:87,refundDonation
FN:108,getCampaignDonationStats
FNF:7
FNH:0
FNDA:0,createDonation
FNDA:0,getDonationDetail
FNDA:0,getDonationsByCampaign
FNDA:0,getDonationsByDonor
FNDA:0,processDonation
FNDA:0,refundDonation
FNDA:0,getCampaignDonationStats
DA:1,0
DA:2,0
DA:3,0
DA:6,0
DA:7,0
DA:13,0
DA:14,0
DA:20,0
DA:21,0
DA:22,0
DA:28,0
DA:36,0
DA:40,0
DA:41,0
DA:42,0
DA:48,0
DA:49,0
DA:55,0
DA:59,0
DA:60,0
DA:64,0
DA:65,0
DA:69,0
DA:70,0
DA:71,0
DA:77,0
DA:78,0
DA:79,0
DA:80,0
DA:83,0
DA:84,0
DA:88,0
DA:89,0
DA:90,0
DA:96,0
DA:97,0
DA:103,0
DA:104,0
DA:105,0
DA:109,0
DA:110,0
DA:113,0
LF:42
LH:0
BRDA:6,0,0,0
BRDA:6,0,1,0
BRDA:6,1,0,0
BRDA:6,1,1,0
BRDA:6,1,2,0
BRDA:13,2,0,0
BRDA:13,2,1,0
BRDA:21,3,0,0
BRDA:21,3,1,0
BRDA:33,4,0,0
BRDA:33,4,1,0
BRDA:41,5,0,0
BRDA:41,5,1,0
BRDA:48,6,0,0
BRDA:48,6,1,0
BRDA:58,7,0,0
BRDA:58,8,0,0
BRDA:63,9,0,0
BRDA:63,10,0,0
BRDA:70,11,0,0
BRDA:70,11,1,0
BRDA:77,12,0,0
BRDA:77,12,1,0
BRDA:89,13,0,0
BRDA:89,13,1,0
BRDA:96,14,0,0
BRDA:96,14,1,0
BRF:27
BRH:0
end_of_record
TN:
SF:src\services\ngoService.js
FN:5,createNgoProfile
FN:36,getNgoProfile
FN:47,getUserNgoProfile
FN:58,updateNgoProfile
FN:92,getPendingVerifications
FN:97,getVerifiedNgos
FN:102,verifyNgoProfile
FN:122,rejectNgoProfile
FN:142,listAllNgos
FN:147,deleteNgoProfile
FNF:10
FNH:0
FNDA:0,createNgoProfile
FNDA:0,getNgoProfile
FNDA:0,getUserNgoProfile
FNDA:0,updateNgoProfile
FNDA:0,getPendingVerifications
FNDA:0,getVerifiedNgos
FNDA:0,verifyNgoProfile
FNDA:0,rejectNgoProfile
FNDA:0,listAllNgos
FNDA:0,deleteNgoProfile
DA:1,0
DA:2,0
DA:3,0
DA:6,0
DA:8,0
DA:9,0
DA:15,0
DA:16,0
DA:17,0
DA:23,0
DA:33,0
DA:37,0
DA:38,0
DA:39,0
DA:44,0
DA:48,0
DA:49,0
DA:50,0
DA:55,0
DA:59,0
DA:60,0
DA:61,0
DA:67,0
DA:68,0
DA:74,0
DA:75,0
DA:81,0
DA:82,0
DA:88,0
DA:89,0
DA:93,0
DA:94,0
DA:98,0
DA:99,0
DA:103,0
DA:104,0
DA:105,0
DA:111,0
DA:112,0
DA:118,0
DA:119,0
DA:123,0
DA:124,0
DA:125,0
DA:131,0
DA:132,0
DA:138,0
DA:139,0
DA:143,0
DA:144,0
DA:148,0
DA:149,0
DA:150,0
DA:156,0
DA:157,0
DA:163,0
DA:164,0
DA:170,0
DA:171,0
DA:174,0
LF:60
LH:0
BRDA:8,0,0,0
BRDA:8,0,1,0
BRDA:8,1,0,0
BRDA:8,1,1,0
BRDA:16,2,0,0
BRDA:16,2,1,0
BRDA:26,3,0,0
BRDA:26,3,1,0
BRDA:27,4,0,0
BRDA:27,4,1,0
BRDA:28,5,0,0
BRDA:28,5,1,0
BRDA:29,6,0,0
BRDA:29,6,1,0
BRDA:38,7,0,0
BRDA:38,7,1,0
BRDA:49,8,0,0
BRDA:49,8,1,0
BRDA:60,9,0,0
BRDA:60,9,1,0
BRDA:67,10,0,0
BRDA:67,10,1,0
BRDA:74,11,0,0
BRDA:74,11,1,0
BRDA:81,12,0,0
BRDA:81,12,1,0
BRDA:81,13,0,0
BRDA:81,13,1,0
BRDA:92,14,0,0
BRDA:92,15,0,0
BRDA:97,16,0,0
BRDA:97,17,0,0
BRDA:104,18,0,0
BRDA:104,18,1,0
BRDA:111,19,0,0
BRDA:111,19,1,0
BRDA:124,20,0,0
BRDA:124,20,1,0
BRDA:131,21,0,0
BRDA:131,21,1,0
BRDA:142,22,0,0
BRDA:142,23,0,0
BRDA:149,24,0,0
BRDA:149,24,1,0
BRDA:156,25,0,0
BRDA:156,25,1,0
BRDA:163,26,0,0
BRDA:163,26,1,0
BRF:48
BRH:0
end_of_record
TN:
SF:src\store\userStore.js
FN:5,getPool
FN:21,mapUser
FN:36,initStore
FN:40,findByEmail
FN:52,findById
FN:64,createLocalUser
FNF:6
FNH:0
FNDA:0,getPool
FNDA:0,mapUser
FNDA:0,initStore
FNDA:0,findByEmail
FNDA:0,findById
FNDA:0,createLocalUser
DA:1,0
DA:6,0
DA:7,0
DA:18,0
DA:22,0
DA:24,0
DA:41,0
DA:42,0
DA:49,0
DA:53,0
DA:54,0
DA:61,0
DA:65,0
DA:67,0
DA:73,0
DA:76,0
LF:16
LH:0
BRDA:6,0,0,0
BRDA:6,0,1,0
BRDA:8,1,0,0
BRDA:8,1,1,0
BRDA:9,2,0,0
BRDA:9,2,1,0
BRDA:10,3,0,0
BRDA:10,3,1,0
BRDA:11,4,0,0
BRDA:11,4,1,0
BRDA:12,5,0,0
BRDA:12,5,1,0
BRDA:22,6,0,0
BRDA:22,6,1,0
BRDA:26,7,0,0
BRDA:26,7,1,0
BRDA:27,8,0,0
BRDA:27,8,1,0
BRDA:28,9,0,0
BRDA:28,9,1,0
BRDA:28,10,0,0
BRDA:28,10,1,0
BRDA:70,11,0,0
BRDA:70,11,1,0
BRDA:70,12,0,0
BRDA:70,12,1,0
BRDA:70,13,0,0
BRDA:70,13,1,0
BRF:28
BRH:0
end_of_record
TN:
SF:src\utils\constants.js
FNF:0
FNH:0
DA:1,0
DA:8,0
DA:17,0
DA:24,0
DA:31,0
DA:38,0
DA:45,0
DA:52,0
DA:53,0
DA:55,0
DA:86,0
LF:11
LH:0
BRF:0
BRH:0
end_of_record
TN:
SF:src\utils\validators.js
FN:1,(anonymous_0)
FN:6,(anonymous_1)
FN:10,(anonymous_2)
FN:18,(anonymous_3)
FN:23,(anonymous_4)
FN:28,(anonymous_5)
FN:32,(anonymous_6)
FN:34,(anonymous_7)
FNF:8
FNH:3
FNDA:4,(anonymous_0)
FNDA:2,(anonymous_1)
FNDA:0,(anonymous_2)
FNDA:4,(anonymous_3)
FNDA:0,(anonymous_4)
FNDA:0,(anonymous_5)
FNDA:0,(anonymous_6)
FNDA:0,(anonymous_7)
DA:1,1
DA:2,4
DA:3,4
DA:6,1
DA:7,2
DA:10,1
DA:11,0
DA:12,0
DA:13,0
DA:14,0
DA:15,0
DA:18,1
DA:19,4
DA:20,4
DA:23,1
DA:24,0
DA:25,0
DA:28,1
DA:29,0
DA:32,1
DA:33,0
DA:34,0
DA:35,0
DA:36,0
DA:39,0
DA:45,1
LF:26
LH:13
BRDA:15,0,0,0
BRDA:15,0,1,0
BRDA:15,0,2,0
BRDA:15,0,3,0
BRDA:20,1,0,4
BRDA:20,1,1,4
BRDA:35,2,0,0
BRDA:35,2,1,0
BRDA:35,3,0,0
BRDA:35,3,1,0
BRDA:35,3,2,0
BRF:11
BRH:2
end_of_record
